{"/home/paul-sandjong/openimis/openimis-fe-policy_js/src/actions.js": {"path":"/home/paul-sandjong/openimis/openimis-fe-policy_js/src/actions.js","statementMap":{"0":{"start":{"line":13,"column":2},"end":{"line":13,"column":79}},"1":{"start":{"line":15,"column":47},"end":{"line":34,"column":1}},"2":{"start":{"line":36,"column":31},"end":{"line":49,"column":1}},"3":{"start":{"line":36,"column":39},"end":{"line":49,"column":1}},"4":{"start":{"line":52,"column":12},"end":{"line":52,"column":30}},"5":{"start":{"line":53,"column":12},"end":{"line":53,"column":36}},"6":{"start":{"line":54,"column":2},"end":{"line":57,"column":3}},"7":{"start":{"line":54,"column":28},"end":{"line":54,"column":49}},"8":{"start":{"line":55,"column":4},"end":{"line":55,"column":30}},"9":{"start":{"line":56,"column":4},"end":{"line":56,"column":36}},"10":{"start":{"line":58,"column":16},"end":{"line":62,"column":3}},"11":{"start":{"line":63,"column":2},"end":{"line":63,"column":31}},"12":{"start":{"line":67,"column":16},"end":{"line":76,"column":3}},"13":{"start":{"line":77,"column":2},"end":{"line":77,"column":56}},"14":{"start":{"line":81,"column":2},"end":{"line":83,"column":4}},"15":{"start":{"line":82,"column":4},"end":{"line":82,"column":57}},"16":{"start":{"line":87,"column":16},"end":{"line":94,"column":3}},"17":{"start":{"line":95,"column":2},"end":{"line":95,"column":61}},"18":{"start":{"line":99,"column":2},"end":{"line":101,"column":4}},"19":{"start":{"line":100,"column":4},"end":{"line":100,"column":64}},"20":{"start":{"line":105,"column":16},"end":{"line":112,"column":3}},"21":{"start":{"line":113,"column":2},"end":{"line":113,"column":64}},"22":{"start":{"line":117,"column":2},"end":{"line":119,"column":4}},"23":{"start":{"line":118,"column":4},"end":{"line":118,"column":67}},"24":{"start":{"line":123,"column":20},"end":{"line":142,"column":3}},"25":{"start":{"line":143,"column":18},"end":{"line":143,"column":76}},"26":{"start":{"line":144,"column":2},"end":{"line":144,"column":45}},"27":{"start":{"line":148,"column":20},"end":{"line":168,"column":3}},"28":{"start":{"line":169,"column":18},"end":{"line":173,"column":3}},"29":{"start":{"line":174,"column":2},"end":{"line":174,"column":43}},"30":{"start":{"line":178,"column":17},"end":{"line":182,"column":3}},"31":{"start":{"line":183,"column":2},"end":{"line":183,"column":43}},"32":{"start":{"line":185,"column":15},"end":{"line":192,"column":3}},"33":{"start":{"line":193,"column":2},"end":{"line":195,"column":3}},"34":{"start":{"line":194,"column":4},"end":{"line":194,"column":57}},"35":{"start":{"line":196,"column":20},"end":{"line":196,"column":70}},"36":{"start":{"line":197,"column":18},"end":{"line":197,"column":66}},"37":{"start":{"line":198,"column":2},"end":{"line":198,"column":56}},"38":{"start":{"line":202,"column":2},"end":{"line":218,"column":2}},"39":{"start":{"line":222,"column":17},"end":{"line":226,"column":3}},"40":{"start":{"line":227,"column":26},"end":{"line":227,"column":36}},"41":{"start":{"line":228,"column":2},"end":{"line":236,"column":4}},"42":{"start":{"line":240,"column":17},"end":{"line":244,"column":3}},"43":{"start":{"line":245,"column":26},"end":{"line":245,"column":36}},"44":{"start":{"line":246,"column":2},"end":{"line":246,"column":54}},"45":{"start":{"line":247,"column":2},"end":{"line":255,"column":4}},"46":{"start":{"line":259,"column":17},"end":{"line":263,"column":3}},"47":{"start":{"line":264,"column":26},"end":{"line":264,"column":36}},"48":{"start":{"line":265,"column":2},"end":{"line":265,"column":54}},"49":{"start":{"line":266,"column":2},"end":{"line":274,"column":4}},"50":{"start":{"line":278,"column":17},"end":{"line":282,"column":3}},"51":{"start":{"line":283,"column":26},"end":{"line":283,"column":36}},"52":{"start":{"line":284,"column":2},"end":{"line":284,"column":54}},"53":{"start":{"line":285,"column":2},"end":{"line":297,"column":4}},"54":{"start":{"line":301,"column":17},"end":{"line":305,"column":3}},"55":{"start":{"line":306,"column":26},"end":{"line":306,"column":36}},"56":{"start":{"line":307,"column":2},"end":{"line":307,"column":54}},"57":{"start":{"line":308,"column":2},"end":{"line":320,"column":4}},"58":{"start":{"line":324,"column":16},"end":{"line":324,"column":18}},"59":{"start":{"line":325,"column":2},"end":{"line":329,"column":3}},"60":{"start":{"line":326,"column":4},"end":{"line":326,"column":63}},"61":{"start":{"line":328,"column":4},"end":{"line":328,"column":61}},"62":{"start":{"line":330,"column":18},"end":{"line":334,"column":3}},"63":{"start":{"line":335,"column":2},"end":{"line":335,"column":53}}},"fnMap":{"0":{"name":"(anonymous_0)","decl":{"start":{"line":36,"column":31},"end":{"line":36,"column":32}},"loc":{"start":{"line":36,"column":39},"end":{"line":49,"column":1}},"line":36},"1":{"name":"fetchFamilyOrInsureePolicies","decl":{"start":{"line":51,"column":16},"end":{"line":51,"column":44}},"loc":{"start":{"line":51,"column":58},"end":{"line":64,"column":1}},"line":51},"2":{"name":"(anonymous_2)","decl":{"start":{"line":54,"column":21},"end":{"line":54,"column":22}},"loc":{"start":{"line":54,"column":28},"end":{"line":54,"column":49}},"line":54},"3":{"name":"fetchEligibility","decl":{"start":{"line":66,"column":16},"end":{"line":66,"column":32}},"loc":{"start":{"line":66,"column":40},"end":{"line":78,"column":1}},"line":66},"4":{"name":"selectPolicy","decl":{"start":{"line":80,"column":16},"end":{"line":80,"column":28}},"loc":{"start":{"line":80,"column":37},"end":{"line":84,"column":1}},"line":80},"5":{"name":"(anonymous_5)","decl":{"start":{"line":81,"column":9},"end":{"line":81,"column":10}},"loc":{"start":{"line":81,"column":23},"end":{"line":83,"column":3}},"line":81},"6":{"name":"fetchItemEligibility","decl":{"start":{"line":86,"column":16},"end":{"line":86,"column":36}},"loc":{"start":{"line":86,"column":50},"end":{"line":96,"column":1}},"line":86},"7":{"name":"itemEligibilityClear","decl":{"start":{"line":98,"column":16},"end":{"line":98,"column":36}},"loc":{"start":{"line":98,"column":39},"end":{"line":102,"column":1}},"line":98},"8":{"name":"(anonymous_8)","decl":{"start":{"line":99,"column":9},"end":{"line":99,"column":10}},"loc":{"start":{"line":99,"column":23},"end":{"line":101,"column":3}},"line":99},"9":{"name":"fetchServiceEligibility","decl":{"start":{"line":104,"column":16},"end":{"line":104,"column":39}},"loc":{"start":{"line":104,"column":53},"end":{"line":114,"column":1}},"line":104},"10":{"name":"serviceEligibilityClear","decl":{"start":{"line":116,"column":16},"end":{"line":116,"column":39}},"loc":{"start":{"line":116,"column":42},"end":{"line":120,"column":1}},"line":116},"11":{"name":"(anonymous_11)","decl":{"start":{"line":117,"column":9},"end":{"line":117,"column":10}},"loc":{"start":{"line":117,"column":23},"end":{"line":119,"column":3}},"line":117},"12":{"name":"fetchPolicySummaries","decl":{"start":{"line":122,"column":16},"end":{"line":122,"column":36}},"loc":{"start":{"line":122,"column":50},"end":{"line":145,"column":1}},"line":122},"13":{"name":"fetchPolicyFull","decl":{"start":{"line":147,"column":16},"end":{"line":147,"column":31}},"loc":{"start":{"line":147,"column":49},"end":{"line":175,"column":1}},"line":147},"14":{"name":"fetchPolicyValues","decl":{"start":{"line":177,"column":16},"end":{"line":177,"column":33}},"loc":{"start":{"line":177,"column":42},"end":{"line":199,"column":1}},"line":177},"15":{"name":"formatPolicyGQL","decl":{"start":{"line":201,"column":9},"end":{"line":201,"column":24}},"loc":{"start":{"line":201,"column":37},"end":{"line":219,"column":1}},"line":201},"16":{"name":"createPolicy","decl":{"start":{"line":221,"column":16},"end":{"line":221,"column":28}},"loc":{"start":{"line":221,"column":62},"end":{"line":237,"column":1}},"line":221},"17":{"name":"updatePolicy","decl":{"start":{"line":239,"column":16},"end":{"line":239,"column":28}},"loc":{"start":{"line":239,"column":62},"end":{"line":256,"column":1}},"line":239},"18":{"name":"renewPolicy","decl":{"start":{"line":258,"column":16},"end":{"line":258,"column":27}},"loc":{"start":{"line":258,"column":61},"end":{"line":275,"column":1}},"line":258},"19":{"name":"suspendPolicy","decl":{"start":{"line":277,"column":16},"end":{"line":277,"column":29}},"loc":{"start":{"line":277,"column":63},"end":{"line":298,"column":1}},"line":277},"20":{"name":"deletePolicy","decl":{"start":{"line":300,"column":16},"end":{"line":300,"column":28}},"loc":{"start":{"line":300,"column":62},"end":{"line":321,"column":1}},"line":300},"21":{"name":"fetchFamily","decl":{"start":{"line":323,"column":16},"end":{"line":323,"column":27}},"loc":{"start":{"line":323,"column":62},"end":{"line":336,"column":1}},"line":323}},"branchMap":{"0":{"loc":{"start":{"line":54,"column":2},"end":{"line":57,"column":3}},"type":"if","locations":[{"start":{"line":54,"column":2},"end":{"line":57,"column":3}},{"start":{},"end":{}}],"line":54},"1":{"loc":{"start":{"line":179,"column":4},"end":{"line":181,"column":36}},"type":"cond-expr","locations":[{"start":{"line":180,"column":8},"end":{"line":180,"column":25}},{"start":{"line":181,"column":8},"end":{"line":181,"column":36}}],"line":179},"2":{"loc":{"start":{"line":188,"column":6},"end":{"line":188,"column":67}},"type":"cond-expr","locations":[{"start":{"line":188,"column":28},"end":{"line":188,"column":47}},{"start":{"line":188,"column":50},"end":{"line":188,"column":67}}],"line":188},"3":{"loc":{"start":{"line":193,"column":2},"end":{"line":195,"column":3}},"type":"if","locations":[{"start":{"line":193,"column":2},"end":{"line":195,"column":3}},{"start":{},"end":{}}],"line":193},"4":{"loc":{"start":{"line":204,"column":4},"end":{"line":206,"column":10}},"type":"cond-expr","locations":[{"start":{"line":205,"column":8},"end":{"line":205,"column":32}},{"start":{"line":206,"column":8},"end":{"line":206,"column":10}}],"line":204},"5":{"loc":{"start":{"line":204,"column":4},"end":{"line":204,"column":53}},"type":"binary-expr","locations":[{"start":{"line":204,"column":4},"end":{"line":204,"column":29}},{"start":{"line":204,"column":33},"end":{"line":204,"column":53}}],"line":204},"6":{"loc":{"start":{"line":208,"column":4},"end":{"line":208,"column":51}},"type":"cond-expr","locations":[{"start":{"line":208,"column":20},"end":{"line":208,"column":46}},{"start":{"line":208,"column":49},"end":{"line":208,"column":51}}],"line":208},"7":{"loc":{"start":{"line":209,"column":4},"end":{"line":209,"column":56}},"type":"cond-expr","locations":[{"start":{"line":209,"column":21},"end":{"line":209,"column":51}},{"start":{"line":209,"column":54},"end":{"line":209,"column":56}}],"line":209},"8":{"loc":{"start":{"line":210,"column":4},"end":{"line":210,"column":59}},"type":"cond-expr","locations":[{"start":{"line":210,"column":19},"end":{"line":210,"column":54}},{"start":{"line":210,"column":57},"end":{"line":210,"column":59}}],"line":210},"9":{"loc":{"start":{"line":280,"column":16},"end":{"line":280,"column":48}},"type":"binary-expr","locations":[{"start":{"line":280,"column":16},"end":{"line":280,"column":33}},{"start":{"line":280,"column":37},"end":{"line":280,"column":48}}],"line":280},"10":{"loc":{"start":{"line":303,"column":16},"end":{"line":303,"column":48}},"type":"binary-expr","locations":[{"start":{"line":303,"column":16},"end":{"line":303,"column":33}},{"start":{"line":303,"column":37},"end":{"line":303,"column":48}}],"line":303},"11":{"loc":{"start":{"line":325,"column":2},"end":{"line":329,"column":3}},"type":"if","locations":[{"start":{"line":325,"column":2},"end":{"line":329,"column":3}},{"start":{"line":327,"column":9},"end":{"line":329,"column":3}}],"line":325}},"s":{"0":0,"1":0,"2":0,"3":0,"4":0,"5":0,"6":0,"7":0,"8":0,"9":0,"10":0,"11":0,"12":0,"13":0,"14":0,"15":0,"16":0,"17":0,"18":0,"19":0,"20":0,"21":0,"22":0,"23":0,"24":0,"25":0,"26":0,"27":0,"28":0,"29":0,"30":0,"31":0,"32":0,"33":0,"34":0,"35":0,"36":0,"37":0,"38":0,"39":0,"40":0,"41":0,"42":0,"43":0,"44":0,"45":0,"46":0,"47":0,"48":0,"49":0,"50":0,"51":0,"52":0,"53":0,"54":0,"55":0,"56":0,"57":0,"58":0,"59":0,"60":0,"61":0,"62":0,"63":0},"f":{"0":0,"1":0,"2":0,"3":0,"4":0,"5":0,"6":0,"7":0,"8":0,"9":0,"10":0,"11":0,"12":0,"13":0,"14":0,"15":0,"16":0,"17":0,"18":0,"19":0,"20":0,"21":0},"b":{"0":[0,0],"1":[0,0],"2":[0,0],"3":[0,0],"4":[0,0],"5":[0,0],"6":[0,0],"7":[0,0],"8":[0,0],"9":[0,0],"10":[0,0],"11":[0,0]}}
,"/home/paul-sandjong/openimis/openimis-fe-policy_js/src/constants.js": {"path":"/home/paul-sandjong/openimis/openimis-fe-policy_js/src/constants.js","statementMap":{"0":{"start":{"line":1,"column":34},"end":{"line":1,"column":35}},"1":{"start":{"line":2,"column":35},"end":{"line":2,"column":37}},"2":{"start":{"line":3,"column":36},"end":{"line":3,"column":37}},"3":{"start":{"line":4,"column":39},"end":{"line":4,"column":40}},"4":{"start":{"line":5,"column":37},"end":{"line":5,"column":38}},"5":{"start":{"line":6,"column":29},"end":{"line":6,"column":140}},"6":{"start":{"line":7,"column":32},"end":{"line":7,"column":35}},"7":{"start":{"line":8,"column":34},"end":{"line":8,"column":37}},"8":{"start":{"line":9,"column":28},"end":{"line":9,"column":66}},"9":{"start":{"line":11,"column":28},"end":{"line":11,"column":34}},"10":{"start":{"line":12,"column":35},"end":{"line":12,"column":41}},"11":{"start":{"line":13,"column":32},"end":{"line":13,"column":38}},"12":{"start":{"line":14,"column":33},"end":{"line":14,"column":39}},"13":{"start":{"line":15,"column":35},"end":{"line":15,"column":41}},"14":{"start":{"line":16,"column":34},"end":{"line":16,"column":40}},"15":{"start":{"line":17,"column":36},"end":{"line":17,"column":42}},"16":{"start":{"line":19,"column":61},"end":{"line":19,"column":64}},"17":{"start":{"line":20,"column":64},"end":{"line":20,"column":67}},"18":{"start":{"line":21,"column":64},"end":{"line":21,"column":67}},"19":{"start":{"line":22,"column":55},"end":{"line":26,"column":1}}},"fnMap":{},"branchMap":{},"s":{"0":1,"1":1,"2":1,"3":1,"4":1,"5":1,"6":1,"7":1,"8":1,"9":1,"10":1,"11":1,"12":1,"13":1,"14":1,"15":1,"16":1,"17":1,"18":1,"19":1},"f":{},"b":{},"_coverageSchema":"1a1c01bbd47fc00a2c39e90264f33305004495a9","hash":"3e4cd4092cdb14105c409368a5a2a7fbc3b09dd3"}
,"/home/paul-sandjong/openimis/openimis-fe-policy_js/src/reducer.js": {"path":"/home/paul-sandjong/openimis/openimis-fe-policy_js/src/reducer.js","statementMap":{"0":{"start":{"line":8,"column":23},"end":{"line":270,"column":1}},"1":{"start":{"line":39,"column":4},"end":{"line":269,"column":5}},"2":{"start":{"line":41,"column":12},"end":{"line":44,"column":14}},"3":{"start":{"line":46,"column":12},"end":{"line":53,"column":13}},"4":{"start":{"line":55,"column":12},"end":{"line":62,"column":14}},"5":{"start":{"line":64,"column":12},"end":{"line":71,"column":14}},"6":{"start":{"line":73,"column":12},"end":{"line":77,"column":14}},"7":{"start":{"line":79,"column":12},"end":{"line":86,"column":14}},"8":{"start":{"line":88,"column":12},"end":{"line":95,"column":14}},"9":{"start":{"line":97,"column":12},"end":{"line":101,"column":14}},"10":{"start":{"line":103,"column":12},"end":{"line":109,"column":14}},"11":{"start":{"line":111,"column":12},"end":{"line":117,"column":14}},"12":{"start":{"line":119,"column":12},"end":{"line":123,"column":14}},"13":{"start":{"line":125,"column":12},"end":{"line":131,"column":14}},"14":{"start":{"line":133,"column":12},"end":{"line":139,"column":14}},"15":{"start":{"line":141,"column":12},"end":{"line":145,"column":14}},"16":{"start":{"line":147,"column":10},"end":{"line":153,"column":12}},"17":{"start":{"line":155,"column":12},"end":{"line":161,"column":14}},"18":{"start":{"line":163,"column":12},"end":{"line":169,"column":14}},"19":{"start":{"line":171,"column":12},"end":{"line":175,"column":14}},"20":{"start":{"line":177,"column":10},"end":{"line":183,"column":12}},"21":{"start":{"line":185,"column":12},"end":{"line":191,"column":14}},"22":{"start":{"line":193,"column":12},"end":{"line":200,"column":14}},"23":{"start":{"line":202,"column":12},"end":{"line":206,"column":14}},"24":{"start":{"line":208,"column":12},"end":{"line":214,"column":14}},"25":{"start":{"line":216,"column":25},"end":{"line":216,"column":67}},"26":{"start":{"line":217,"column":12},"end":{"line":217,"column":51}},"27":{"start":{"line":218,"column":12},"end":{"line":218,"column":46}},"28":{"start":{"line":219,"column":12},"end":{"line":225,"column":14}},"29":{"start":{"line":227,"column":12},"end":{"line":231,"column":14}},"30":{"start":{"line":233,"column":12},"end":{"line":239,"column":14}},"31":{"start":{"line":241,"column":12},"end":{"line":246,"column":14}},"32":{"start":{"line":248,"column":12},"end":{"line":252,"column":13}},"33":{"start":{"line":254,"column":12},"end":{"line":254,"column":53}},"34":{"start":{"line":256,"column":12},"end":{"line":256,"column":54}},"35":{"start":{"line":258,"column":12},"end":{"line":258,"column":71}},"36":{"start":{"line":260,"column":12},"end":{"line":260,"column":71}},"37":{"start":{"line":262,"column":12},"end":{"line":262,"column":70}},"38":{"start":{"line":264,"column":12},"end":{"line":264,"column":74}},"39":{"start":{"line":266,"column":12},"end":{"line":266,"column":73}},"40":{"start":{"line":268,"column":12},"end":{"line":268,"column":25}}},"fnMap":{"0":{"name":"(anonymous_0)","decl":{"start":{"line":8,"column":23},"end":{"line":8,"column":24}},"loc":{"start":{"line":38,"column":15},"end":{"line":270,"column":1}},"line":38}},"branchMap":{"0":{"loc":{"start":{"line":9,"column":4},"end":{"line":37,"column":5}},"type":"default-arg","locations":[{"start":{"line":9,"column":12},"end":{"line":37,"column":5}}],"line":9},"1":{"loc":{"start":{"line":39,"column":4},"end":{"line":269,"column":5}},"type":"switch","locations":[{"start":{"line":40,"column":8},"end":{"line":44,"column":14}},{"start":{"line":45,"column":8},"end":{"line":53,"column":13}},{"start":{"line":54,"column":8},"end":{"line":62,"column":14}},{"start":{"line":63,"column":8},"end":{"line":71,"column":14}},{"start":{"line":72,"column":8},"end":{"line":77,"column":14}},{"start":{"line":78,"column":8},"end":{"line":86,"column":14}},{"start":{"line":87,"column":8},"end":{"line":95,"column":14}},{"start":{"line":96,"column":8},"end":{"line":101,"column":14}},{"start":{"line":102,"column":8},"end":{"line":109,"column":14}},{"start":{"line":110,"column":8},"end":{"line":117,"column":14}},{"start":{"line":118,"column":8},"end":{"line":123,"column":14}},{"start":{"line":124,"column":8},"end":{"line":131,"column":14}},{"start":{"line":132,"column":8},"end":{"line":139,"column":14}},{"start":{"line":140,"column":8},"end":{"line":145,"column":14}},{"start":{"line":146,"column":8},"end":{"line":153,"column":12}},{"start":{"line":154,"column":8},"end":{"line":161,"column":14}},{"start":{"line":162,"column":8},"end":{"line":169,"column":14}},{"start":{"line":170,"column":8},"end":{"line":175,"column":14}},{"start":{"line":176,"column":8},"end":{"line":183,"column":12}},{"start":{"line":184,"column":8},"end":{"line":191,"column":14}},{"start":{"line":192,"column":8},"end":{"line":200,"column":14}},{"start":{"line":201,"column":8},"end":{"line":206,"column":14}},{"start":{"line":207,"column":8},"end":{"line":214,"column":14}},{"start":{"line":215,"column":8},"end":{"line":225,"column":14}},{"start":{"line":226,"column":8},"end":{"line":231,"column":14}},{"start":{"line":232,"column":8},"end":{"line":239,"column":14}},{"start":{"line":240,"column":8},"end":{"line":246,"column":14}},{"start":{"line":247,"column":8},"end":{"line":252,"column":13}},{"start":{"line":253,"column":8},"end":{"line":254,"column":53}},{"start":{"line":255,"column":8},"end":{"line":256,"column":54}},{"start":{"line":257,"column":8},"end":{"line":258,"column":71}},{"start":{"line":259,"column":8},"end":{"line":260,"column":71}},{"start":{"line":261,"column":8},"end":{"line":262,"column":70}},{"start":{"line":263,"column":8},"end":{"line":264,"column":74}},{"start":{"line":265,"column":8},"end":{"line":266,"column":73}},{"start":{"line":267,"column":8},"end":{"line":268,"column":25}}],"line":39}},"s":{"0":0,"1":0,"2":0,"3":0,"4":0,"5":0,"6":0,"7":0,"8":0,"9":0,"10":0,"11":0,"12":0,"13":0,"14":0,"15":0,"16":0,"17":0,"18":0,"19":0,"20":0,"21":0,"22":0,"23":0,"24":0,"25":0,"26":0,"27":0,"28":0,"29":0,"30":0,"31":0,"32":0,"33":0,"34":0,"35":0,"36":0,"37":0,"38":0,"39":0,"40":0},"f":{"0":0},"b":{"0":[0],"1":[0,0,0,0,0,0,0,0,0,0,0,0,0,0,0,0,0,0,0,0,0,0,0,0,0,0,0,0,0,0,0,0,0,0,0,0]}}
,"/home/paul-sandjong/openimis/openimis-fe-policy_js/src/components/Eligibility.js": {"path":"/home/paul-sandjong/openimis/openimis-fe-policy_js/src/components/Eligibility.js","statementMap":{"0":{"start":{"line":7,"column":14},"end":{"line":13,"column":1}},"1":{"start":{"line":8,"column":2},"end":{"line":12,"column":3}},"2":{"start":{"line":9,"column":4},"end":{"line":9,"column":23}},"3":{"start":{"line":11,"column":4},"end":{"line":11,"column":25}},"4":{"start":{"line":15,"column":13},"end":{"line":17,"column":1}},"5":{"start":{"line":16,"column":2},"end":{"line":16,"column":44}},"6":{"start":{"line":19,"column":20},"end":{"line":44,"column":1}},"7":{"start":{"line":20,"column":39},"end":{"line":20,"column":44}},"8":{"start":{"line":21,"column":25},"end":{"line":21,"column":44}},"9":{"start":{"line":22,"column":57},"end":{"line":22,"column":98}},"10":{"start":{"line":23,"column":2},"end":{"line":43,"column":4}}},"fnMap":{"0":{"name":"(anonymous_0)","decl":{"start":{"line":7,"column":14},"end":{"line":7,"column":15}},"loc":{"start":{"line":7,"column":25},"end":{"line":13,"column":1}},"line":7},"1":{"name":"(anonymous_1)","decl":{"start":{"line":15,"column":13},"end":{"line":15,"column":14}},"loc":{"start":{"line":15,"column":24},"end":{"line":17,"column":1}},"line":15},"2":{"name":"(anonymous_2)","decl":{"start":{"line":19,"column":20},"end":{"line":19,"column":21}},"loc":{"start":{"line":19,"column":31},"end":{"line":44,"column":1}},"line":19}},"branchMap":{"0":{"loc":{"start":{"line":8,"column":2},"end":{"line":12,"column":3}},"type":"if","locations":[{"start":{"line":8,"column":2},"end":{"line":12,"column":3}},{"start":{"line":10,"column":9},"end":{"line":12,"column":3}}],"line":8},"1":{"loc":{"start":{"line":25,"column":7},"end":{"line":29,"column":7}},"type":"binary-expr","locations":[{"start":{"line":25,"column":7},"end":{"line":25,"column":69}},{"start":{"line":26,"column":8},"end":{"line":28,"column":15}}],"line":25},"2":{"loc":{"start":{"line":30,"column":7},"end":{"line":36,"column":7}},"type":"binary-expr","locations":[{"start":{"line":30,"column":7},"end":{"line":30,"column":72}},{"start":{"line":30,"column":76},"end":{"line":30,"column":83}},{"start":{"line":31,"column":8},"end":{"line":35,"column":15}}],"line":30},"3":{"loc":{"start":{"line":37,"column":7},"end":{"line":41,"column":7}},"type":"binary-expr","locations":[{"start":{"line":37,"column":7},"end":{"line":37,"column":69}},{"start":{"line":37,"column":73},"end":{"line":37,"column":91}},{"start":{"line":38,"column":8},"end":{"line":40,"column":15}}],"line":37}},"s":{"0":0,"1":0,"2":0,"3":0,"4":0,"5":0,"6":0,"7":0,"8":0,"9":0,"10":0},"f":{"0":0,"1":0,"2":0},"b":{"0":[0,0],"1":[0,0],"2":[0,0,0],"3":[0,0,0]}}
,"/home/paul-sandjong/openimis/openimis-fe-policy_js/src/components/FamilyOrInsureePoliciesSummary.js": {"path":"/home/paul-sandjong/openimis/openimis-fe-policy_js/src/components/FamilyOrInsureePoliciesSummary.js","statementMap":{"0":{"start":{"line":31,"column":15},"end":{"line":50,"column":2}},"1":{"start":{"line":31,"column":27},"end":{"line":50,"column":1}},"2":{"start":{"line":53,"column":10},"end":{"line":62,"column":3}},"3":{"start":{"line":65,"column":4},"end":{"line":65,"column":17}},"4":{"start":{"line":66,"column":4},"end":{"line":70,"column":6}},"5":{"start":{"line":71,"column":4},"end":{"line":75,"column":6}},"6":{"start":{"line":76,"column":4},"end":{"line":80,"column":6}},"7":{"start":{"line":81,"column":4},"end":{"line":85,"column":6}},"8":{"start":{"line":86,"column":4},"end":{"line":90,"column":6}},"9":{"start":{"line":94,"column":4},"end":{"line":101,"column":6}},"10":{"start":{"line":100,"column":13},"end":{"line":100,"column":25}},"11":{"start":{"line":105,"column":4},"end":{"line":112,"column":5}},"12":{"start":{"line":106,"column":6},"end":{"line":106,"column":19}},"13":{"start":{"line":107,"column":11},"end":{"line":112,"column":5}},"14":{"start":{"line":108,"column":6},"end":{"line":108,"column":35}},"15":{"start":{"line":109,"column":11},"end":{"line":112,"column":5}},"16":{"start":{"line":110,"column":6},"end":{"line":110,"column":49}},"17":{"start":{"line":111,"column":6},"end":{"line":111,"column":53}},"18":{"start":{"line":115,"column":17},"end":{"line":119,"column":6}},"19":{"start":{"line":116,"column":4},"end":{"line":119,"column":6}},"20":{"start":{"line":121,"column":16},"end":{"line":126,"column":6}},"21":{"start":{"line":122,"column":4},"end":{"line":126,"column":6}},"22":{"start":{"line":128,"column":19},"end":{"line":148,"column":3}},"23":{"start":{"line":129,"column":4},"end":{"line":129,"column":38}},"24":{"start":{"line":130,"column":26},"end":{"line":137,"column":7}},"25":{"start":{"line":131,"column":6},"end":{"line":137,"column":7}},"26":{"start":{"line":138,"column":18},"end":{"line":146,"column":7}},"27":{"start":{"line":139,"column":6},"end":{"line":146,"column":7}},"28":{"start":{"line":147,"column":4},"end":{"line":147,"column":48}},"29":{"start":{"line":150,"column":18},"end":{"line":169,"column":3}},"30":{"start":{"line":151,"column":26},"end":{"line":158,"column":7}},"31":{"start":{"line":152,"column":6},"end":{"line":158,"column":7}},"32":{"start":{"line":159,"column":18},"end":{"line":167,"column":7}},"33":{"start":{"line":160,"column":6},"end":{"line":167,"column":7}},"34":{"start":{"line":168,"column":4},"end":{"line":168,"column":48}},"35":{"start":{"line":171,"column":18},"end":{"line":176,"column":3}},"36":{"start":{"line":172,"column":4},"end":{"line":175,"column":7}},"37":{"start":{"line":178,"column":19},"end":{"line":184,"column":96}},"38":{"start":{"line":179,"column":4},"end":{"line":184,"column":96}},"39":{"start":{"line":185,"column":18},"end":{"line":191,"column":90}},"40":{"start":{"line":186,"column":4},"end":{"line":191,"column":90}},"41":{"start":{"line":194,"column":15},"end":{"line":194,"column":119}},"42":{"start":{"line":195,"column":4},"end":{"line":204,"column":5}},"43":{"start":{"line":196,"column":6},"end":{"line":196,"column":55}},"44":{"start":{"line":197,"column":6},"end":{"line":197,"column":18}},"45":{"start":{"line":198,"column":11},"end":{"line":204,"column":5}},"46":{"start":{"line":199,"column":6},"end":{"line":199,"column":63}},"47":{"start":{"line":200,"column":6},"end":{"line":200,"column":18}},"48":{"start":{"line":201,"column":11},"end":{"line":204,"column":5}},"49":{"start":{"line":202,"column":6},"end":{"line":202,"column":58}},"50":{"start":{"line":203,"column":6},"end":{"line":203,"column":18}},"51":{"start":{"line":207,"column":22},"end":{"line":215,"column":3}},"52":{"start":{"line":208,"column":47},"end":{"line":208,"column":57}},"53":{"start":{"line":210,"column":4},"end":{"line":212,"column":5}},"54":{"start":{"line":211,"column":6},"end":{"line":211,"column":13}},"55":{"start":{"line":214,"column":4},"end":{"line":214,"column":31}},"56":{"start":{"line":217,"column":19},"end":{"line":224,"column":3}},"57":{"start":{"line":218,"column":4},"end":{"line":223,"column":6}},"58":{"start":{"line":219,"column":25},"end":{"line":221,"column":7}},"59":{"start":{"line":222,"column":13},"end":{"line":222,"column":25}},"60":{"start":{"line":226,"column":12},"end":{"line":247,"column":3}},"61":{"start":{"line":227,"column":12},"end":{"line":241,"column":5}},"62":{"start":{"line":242,"column":4},"end":{"line":244,"column":5}},"63":{"start":{"line":243,"column":6},"end":{"line":243,"column":33}},"64":{"start":{"line":245,"column":4},"end":{"line":245,"column":23}},"65":{"start":{"line":246,"column":4},"end":{"line":246,"column":13}},"66":{"start":{"line":249,"column":11},"end":{"line":256,"column":3}},"67":{"start":{"line":249,"column":33},"end":{"line":256,"column":3}},"68":{"start":{"line":251,"column":6},"end":{"line":254,"column":7}},"69":{"start":{"line":252,"column":27},"end":{"line":252,"column":70}},"70":{"start":{"line":253,"column":15},"end":{"line":253,"column":27}},"71":{"start":{"line":255,"column":10},"end":{"line":255,"column":53}},"72":{"start":{"line":258,"column":18},"end":{"line":278,"column":3}},"73":{"start":{"line":259,"column":12},"end":{"line":273,"column":5}},"74":{"start":{"line":274,"column":4},"end":{"line":276,"column":5}},"75":{"start":{"line":275,"column":6},"end":{"line":275,"column":37}},"76":{"start":{"line":277,"column":4},"end":{"line":277,"column":13}},"77":{"start":{"line":280,"column":14},"end":{"line":280,"column":51}},"78":{"start":{"line":280,"column":26},"end":{"line":280,"column":51}},"79":{"start":{"line":281,"column":14},"end":{"line":281,"column":92}},"80":{"start":{"line":281,"column":26},"end":{"line":281,"column":92}},"81":{"start":{"line":282,"column":15},"end":{"line":282,"column":94}},"82":{"start":{"line":282,"column":27},"end":{"line":282,"column":94}},"83":{"start":{"line":283,"column":13},"end":{"line":283,"column":90}},"84":{"start":{"line":283,"column":25},"end":{"line":283,"column":90}},"85":{"start":{"line":285,"column":19},"end":{"line":335,"column":3}},"86":{"start":{"line":286,"column":12},"end":{"line":300,"column":5}},"87":{"start":{"line":287,"column":13},"end":{"line":287,"column":26}},"88":{"start":{"line":288,"column":13},"end":{"line":288,"column":26}},"89":{"start":{"line":289,"column":13},"end":{"line":289,"column":91}},"90":{"start":{"line":290,"column":13},"end":{"line":290,"column":88}},"91":{"start":{"line":291,"column":13},"end":{"line":291,"column":88}},"92":{"start":{"line":292,"column":13},"end":{"line":292,"column":84}},"93":{"start":{"line":293,"column":13},"end":{"line":293,"column":59}},"94":{"start":{"line":294,"column":13},"end":{"line":294,"column":18}},"95":{"start":{"line":295,"column":13},"end":{"line":295,"column":27}},"96":{"start":{"line":296,"column":13},"end":{"line":296,"column":28}},"97":{"start":{"line":297,"column":13},"end":{"line":297,"column":22}},"98":{"start":{"line":298,"column":13},"end":{"line":298,"column":31}},"99":{"start":{"line":299,"column":13},"end":{"line":299,"column":32}},"100":{"start":{"line":301,"column":4},"end":{"line":303,"column":5}},"101":{"start":{"line":302,"column":6},"end":{"line":302,"column":31}},"102":{"start":{"line":302,"column":20},"end":{"line":302,"column":29}},"103":{"start":{"line":304,"column":4},"end":{"line":313,"column":6}},"104":{"start":{"line":305,"column":6},"end":{"line":312,"column":14}},"105":{"start":{"line":307,"column":62},"end":{"line":307,"column":81}},"106":{"start":{"line":314,"column":4},"end":{"line":323,"column":6}},"107":{"start":{"line":315,"column":6},"end":{"line":322,"column":14}},"108":{"start":{"line":317,"column":64},"end":{"line":317,"column":86}},"109":{"start":{"line":324,"column":4},"end":{"line":333,"column":6}},"110":{"start":{"line":325,"column":6},"end":{"line":332,"column":14}},"111":{"start":{"line":327,"column":63},"end":{"line":327,"column":84}},"112":{"start":{"line":334,"column":4},"end":{"line":334,"column":13}},"113":{"start":{"line":337,"column":11},"end":{"line":347,"column":3}},"114":{"start":{"line":338,"column":40},"end":{"line":338,"column":50}},"115":{"start":{"line":339,"column":4},"end":{"line":346,"column":5}},"116":{"start":{"line":340,"column":6},"end":{"line":343,"column":9}},"117":{"start":{"line":345,"column":6},"end":{"line":345,"column":104}},"118":{"start":{"line":349,"column":19},"end":{"line":349,"column":38}},"119":{"start":{"line":349,"column":26},"end":{"line":349,"column":38}},"120":{"start":{"line":367,"column":8},"end":{"line":367,"column":18}},"121":{"start":{"line":368,"column":4},"end":{"line":374,"column":5}},"122":{"start":{"line":369,"column":6},"end":{"line":372,"column":8}},"123":{"start":{"line":373,"column":6},"end":{"line":373,"column":18}},"124":{"start":{"line":377,"column":6},"end":{"line":388,"column":11}},"125":{"start":{"line":390,"column":4},"end":{"line":449,"column":6}},"126":{"start":{"line":409,"column":39},"end":{"line":409,"column":85}},"127":{"start":{"line":416,"column":16},"end":{"line":420,"column":18}},"128":{"start":{"line":453,"column":24},"end":{"line":466,"column":2}},"129":{"start":{"line":453,"column":36},"end":{"line":466,"column":1}},"130":{"start":{"line":468,"column":27},"end":{"line":473,"column":1}},"131":{"start":{"line":469,"column":2},"end":{"line":472,"column":4}}},"fnMap":{"0":{"name":"(anonymous_0)","decl":{"start":{"line":31,"column":15},"end":{"line":31,"column":16}},"loc":{"start":{"line":31,"column":27},"end":{"line":50,"column":1}},"line":31},"1":{"name":"(anonymous_1)","decl":{"start":{"line":64,"column":2},"end":{"line":64,"column":3}},"loc":{"start":{"line":64,"column":21},"end":{"line":91,"column":3}},"line":64},"2":{"name":"(anonymous_2)","decl":{"start":{"line":93,"column":2},"end":{"line":93,"column":3}},"loc":{"start":{"line":93,"column":22},"end":{"line":102,"column":3}},"line":93},"3":{"name":"(anonymous_3)","decl":{"start":{"line":100,"column":6},"end":{"line":100,"column":7}},"loc":{"start":{"line":100,"column":13},"end":{"line":100,"column":25}},"line":100},"4":{"name":"(anonymous_4)","decl":{"start":{"line":104,"column":2},"end":{"line":104,"column":3}},"loc":{"start":{"line":104,"column":53},"end":{"line":113,"column":3}},"line":104},"5":{"name":"(anonymous_5)","decl":{"start":{"line":115,"column":17},"end":{"line":115,"column":18}},"loc":{"start":{"line":116,"column":4},"end":{"line":119,"column":6}},"line":116},"6":{"name":"(anonymous_6)","decl":{"start":{"line":121,"column":16},"end":{"line":121,"column":17}},"loc":{"start":{"line":122,"column":4},"end":{"line":126,"column":6}},"line":122},"7":{"name":"(anonymous_7)","decl":{"start":{"line":128,"column":19},"end":{"line":128,"column":20}},"loc":{"start":{"line":128,"column":31},"end":{"line":148,"column":3}},"line":128},"8":{"name":"(anonymous_8)","decl":{"start":{"line":130,"column":26},"end":{"line":130,"column":27}},"loc":{"start":{"line":131,"column":6},"end":{"line":137,"column":7}},"line":131},"9":{"name":"(anonymous_9)","decl":{"start":{"line":138,"column":18},"end":{"line":138,"column":19}},"loc":{"start":{"line":139,"column":6},"end":{"line":146,"column":7}},"line":139},"10":{"name":"(anonymous_10)","decl":{"start":{"line":150,"column":18},"end":{"line":150,"column":19}},"loc":{"start":{"line":150,"column":30},"end":{"line":169,"column":3}},"line":150},"11":{"name":"(anonymous_11)","decl":{"start":{"line":151,"column":26},"end":{"line":151,"column":27}},"loc":{"start":{"line":152,"column":6},"end":{"line":158,"column":7}},"line":152},"12":{"name":"(anonymous_12)","decl":{"start":{"line":159,"column":18},"end":{"line":159,"column":19}},"loc":{"start":{"line":160,"column":6},"end":{"line":167,"column":7}},"line":160},"13":{"name":"(anonymous_13)","decl":{"start":{"line":171,"column":18},"end":{"line":171,"column":19}},"loc":{"start":{"line":171,"column":41},"end":{"line":176,"column":3}},"line":171},"14":{"name":"(anonymous_14)","decl":{"start":{"line":178,"column":19},"end":{"line":178,"column":20}},"loc":{"start":{"line":179,"column":4},"end":{"line":184,"column":96}},"line":179},"15":{"name":"(anonymous_15)","decl":{"start":{"line":185,"column":18},"end":{"line":185,"column":19}},"loc":{"start":{"line":186,"column":4},"end":{"line":191,"column":90}},"line":186},"16":{"name":"(anonymous_16)","decl":{"start":{"line":193,"column":2},"end":{"line":193,"column":3}},"loc":{"start":{"line":193,"column":14},"end":{"line":205,"column":3}},"line":193},"17":{"name":"(anonymous_17)","decl":{"start":{"line":207,"column":22},"end":{"line":207,"column":23}},"loc":{"start":{"line":207,"column":29},"end":{"line":215,"column":3}},"line":207},"18":{"name":"(anonymous_18)","decl":{"start":{"line":217,"column":19},"end":{"line":217,"column":20}},"loc":{"start":{"line":217,"column":28},"end":{"line":224,"column":3}},"line":217},"19":{"name":"(anonymous_19)","decl":{"start":{"line":219,"column":6},"end":{"line":219,"column":7}},"loc":{"start":{"line":219,"column":25},"end":{"line":221,"column":7}},"line":219},"20":{"name":"(anonymous_20)","decl":{"start":{"line":222,"column":6},"end":{"line":222,"column":7}},"loc":{"start":{"line":222,"column":13},"end":{"line":222,"column":25}},"line":222},"21":{"name":"(anonymous_21)","decl":{"start":{"line":226,"column":12},"end":{"line":226,"column":13}},"loc":{"start":{"line":226,"column":18},"end":{"line":247,"column":3}},"line":226},"22":{"name":"(anonymous_22)","decl":{"start":{"line":249,"column":11},"end":{"line":249,"column":12}},"loc":{"start":{"line":249,"column":33},"end":{"line":256,"column":3}},"line":249},"23":{"name":"(anonymous_23)","decl":{"start":{"line":250,"column":4},"end":{"line":250,"column":5}},"loc":{"start":{"line":251,"column":6},"end":{"line":254,"column":7}},"line":251},"24":{"name":"(anonymous_24)","decl":{"start":{"line":252,"column":8},"end":{"line":252,"column":9}},"loc":{"start":{"line":252,"column":27},"end":{"line":252,"column":70}},"line":252},"25":{"name":"(anonymous_25)","decl":{"start":{"line":253,"column":8},"end":{"line":253,"column":9}},"loc":{"start":{"line":253,"column":15},"end":{"line":253,"column":27}},"line":253},"26":{"name":"(anonymous_26)","decl":{"start":{"line":255,"column":4},"end":{"line":255,"column":5}},"loc":{"start":{"line":255,"column":10},"end":{"line":255,"column":53}},"line":255},"27":{"name":"(anonymous_27)","decl":{"start":{"line":258,"column":18},"end":{"line":258,"column":19}},"loc":{"start":{"line":258,"column":24},"end":{"line":278,"column":3}},"line":258},"28":{"name":"(anonymous_28)","decl":{"start":{"line":280,"column":14},"end":{"line":280,"column":15}},"loc":{"start":{"line":280,"column":26},"end":{"line":280,"column":51}},"line":280},"29":{"name":"(anonymous_29)","decl":{"start":{"line":281,"column":14},"end":{"line":281,"column":15}},"loc":{"start":{"line":281,"column":26},"end":{"line":281,"column":92}},"line":281},"30":{"name":"(anonymous_30)","decl":{"start":{"line":282,"column":15},"end":{"line":282,"column":16}},"loc":{"start":{"line":282,"column":27},"end":{"line":282,"column":94}},"line":282},"31":{"name":"(anonymous_31)","decl":{"start":{"line":283,"column":13},"end":{"line":283,"column":14}},"loc":{"start":{"line":283,"column":25},"end":{"line":283,"column":90}},"line":283},"32":{"name":"(anonymous_32)","decl":{"start":{"line":285,"column":19},"end":{"line":285,"column":20}},"loc":{"start":{"line":285,"column":25},"end":{"line":335,"column":3}},"line":285},"33":{"name":"(anonymous_33)","decl":{"start":{"line":287,"column":6},"end":{"line":287,"column":7}},"loc":{"start":{"line":287,"column":13},"end":{"line":287,"column":26}},"line":287},"34":{"name":"(anonymous_34)","decl":{"start":{"line":288,"column":6},"end":{"line":288,"column":7}},"loc":{"start":{"line":288,"column":13},"end":{"line":288,"column":26}},"line":288},"35":{"name":"(anonymous_35)","decl":{"start":{"line":289,"column":6},"end":{"line":289,"column":7}},"loc":{"start":{"line":289,"column":13},"end":{"line":289,"column":91}},"line":289},"36":{"name":"(anonymous_36)","decl":{"start":{"line":290,"column":6},"end":{"line":290,"column":7}},"loc":{"start":{"line":290,"column":13},"end":{"line":290,"column":88}},"line":290},"37":{"name":"(anonymous_37)","decl":{"start":{"line":291,"column":6},"end":{"line":291,"column":7}},"loc":{"start":{"line":291,"column":13},"end":{"line":291,"column":88}},"line":291},"38":{"name":"(anonymous_38)","decl":{"start":{"line":292,"column":6},"end":{"line":292,"column":7}},"loc":{"start":{"line":292,"column":13},"end":{"line":292,"column":84}},"line":292},"39":{"name":"(anonymous_39)","decl":{"start":{"line":293,"column":6},"end":{"line":293,"column":7}},"loc":{"start":{"line":293,"column":13},"end":{"line":293,"column":59}},"line":293},"40":{"name":"(anonymous_40)","decl":{"start":{"line":294,"column":6},"end":{"line":294,"column":7}},"loc":{"start":{"line":294,"column":13},"end":{"line":294,"column":18}},"line":294},"41":{"name":"(anonymous_41)","decl":{"start":{"line":295,"column":6},"end":{"line":295,"column":7}},"loc":{"start":{"line":295,"column":13},"end":{"line":295,"column":27}},"line":295},"42":{"name":"(anonymous_42)","decl":{"start":{"line":296,"column":6},"end":{"line":296,"column":7}},"loc":{"start":{"line":296,"column":13},"end":{"line":296,"column":28}},"line":296},"43":{"name":"(anonymous_43)","decl":{"start":{"line":297,"column":6},"end":{"line":297,"column":7}},"loc":{"start":{"line":297,"column":13},"end":{"line":297,"column":22}},"line":297},"44":{"name":"(anonymous_44)","decl":{"start":{"line":298,"column":6},"end":{"line":298,"column":7}},"loc":{"start":{"line":298,"column":13},"end":{"line":298,"column":31}},"line":298},"45":{"name":"(anonymous_45)","decl":{"start":{"line":299,"column":6},"end":{"line":299,"column":7}},"loc":{"start":{"line":299,"column":13},"end":{"line":299,"column":32}},"line":299},"46":{"name":"(anonymous_46)","decl":{"start":{"line":302,"column":13},"end":{"line":302,"column":14}},"loc":{"start":{"line":302,"column":20},"end":{"line":302,"column":29}},"line":302},"47":{"name":"(anonymous_47)","decl":{"start":{"line":304,"column":11},"end":{"line":304,"column":12}},"loc":{"start":{"line":305,"column":6},"end":{"line":312,"column":14}},"line":305},"48":{"name":"(anonymous_48)","decl":{"start":{"line":307,"column":55},"end":{"line":307,"column":56}},"loc":{"start":{"line":307,"column":62},"end":{"line":307,"column":81}},"line":307},"49":{"name":"(anonymous_49)","decl":{"start":{"line":314,"column":11},"end":{"line":314,"column":12}},"loc":{"start":{"line":315,"column":6},"end":{"line":322,"column":14}},"line":315},"50":{"name":"(anonymous_50)","decl":{"start":{"line":317,"column":57},"end":{"line":317,"column":58}},"loc":{"start":{"line":317,"column":64},"end":{"line":317,"column":86}},"line":317},"51":{"name":"(anonymous_51)","decl":{"start":{"line":324,"column":11},"end":{"line":324,"column":12}},"loc":{"start":{"line":325,"column":6},"end":{"line":332,"column":14}},"line":325},"52":{"name":"(anonymous_52)","decl":{"start":{"line":327,"column":56},"end":{"line":327,"column":57}},"loc":{"start":{"line":327,"column":63},"end":{"line":327,"column":84}},"line":327},"53":{"name":"(anonymous_53)","decl":{"start":{"line":337,"column":11},"end":{"line":337,"column":12}},"loc":{"start":{"line":337,"column":17},"end":{"line":347,"column":3}},"line":337},"54":{"name":"(anonymous_54)","decl":{"start":{"line":349,"column":19},"end":{"line":349,"column":20}},"loc":{"start":{"line":349,"column":26},"end":{"line":349,"column":38}},"line":349},"55":{"name":"(anonymous_55)","decl":{"start":{"line":351,"column":2},"end":{"line":351,"column":3}},"loc":{"start":{"line":351,"column":11},"end":{"line":450,"column":3}},"line":351},"56":{"name":"(anonymous_56)","decl":{"start":{"line":409,"column":32},"end":{"line":409,"column":33}},"loc":{"start":{"line":409,"column":39},"end":{"line":409,"column":85}},"line":409},"57":{"name":"(anonymous_57)","decl":{"start":{"line":415,"column":27},"end":{"line":415,"column":28}},"loc":{"start":{"line":415,"column":39},"end":{"line":421,"column":15}},"line":415},"58":{"name":"(anonymous_58)","decl":{"start":{"line":453,"column":24},"end":{"line":453,"column":25}},"loc":{"start":{"line":453,"column":36},"end":{"line":466,"column":1}},"line":453},"59":{"name":"(anonymous_59)","decl":{"start":{"line":468,"column":27},"end":{"line":468,"column":28}},"loc":{"start":{"line":468,"column":41},"end":{"line":473,"column":1}},"line":468}},"branchMap":{"0":{"loc":{"start":{"line":105,"column":4},"end":{"line":112,"column":5}},"type":"if","locations":[{"start":{"line":105,"column":4},"end":{"line":112,"column":5}},{"start":{"line":107,"column":11},"end":{"line":112,"column":5}}],"line":105},"1":{"loc":{"start":{"line":105,"column":8},"end":{"line":105,"column":71}},"type":"binary-expr","locations":[{"start":{"line":105,"column":8},"end":{"line":105,"column":38}},{"start":{"line":105,"column":42},"end":{"line":105,"column":71}}],"line":105},"2":{"loc":{"start":{"line":107,"column":11},"end":{"line":112,"column":5}},"type":"if","locations":[{"start":{"line":107,"column":11},"end":{"line":112,"column":5}},{"start":{"line":109,"column":11},"end":{"line":112,"column":5}}],"line":107},"3":{"loc":{"start":{"line":107,"column":15},"end":{"line":107,"column":91}},"type":"binary-expr","locations":[{"start":{"line":107,"column":15},"end":{"line":107,"column":35}},{"start":{"line":107,"column":39},"end":{"line":107,"column":59}},{"start":{"line":107,"column":63},"end":{"line":107,"column":91}}],"line":107},"4":{"loc":{"start":{"line":109,"column":11},"end":{"line":112,"column":5}},"type":"if","locations":[{"start":{"line":109,"column":11},"end":{"line":112,"column":5}},{"start":{},"end":{}}],"line":109},"5":{"loc":{"start":{"line":109,"column":15},"end":{"line":109,"column":77}},"type":"binary-expr","locations":[{"start":{"line":109,"column":15},"end":{"line":109,"column":43}},{"start":{"line":109,"column":47},"end":{"line":109,"column":77}}],"line":109},"6":{"loc":{"start":{"line":171,"column":22},"end":{"line":171,"column":36}},"type":"default-arg","locations":[{"start":{"line":171,"column":31},"end":{"line":171,"column":36}}],"line":171},"7":{"loc":{"start":{"line":179,"column":4},"end":{"line":184,"column":96}},"type":"binary-expr","locations":[{"start":{"line":179,"column":5},"end":{"line":179,"column":23}},{"start":{"line":179,"column":27},"end":{"line":179,"column":47}},{"start":{"line":180,"column":5},"end":{"line":180,"column":24}},{"start":{"line":180,"column":28},"end":{"line":180,"column":47}},{"start":{"line":181,"column":5},"end":{"line":181,"column":24}},{"start":{"line":182,"column":6},"end":{"line":182,"column":26}},{"start":{"line":183,"column":6},"end":{"line":183,"column":32}},{"start":{"line":184,"column":7},"end":{"line":184,"column":38}},{"start":{"line":184,"column":42},"end":{"line":184,"column":94}}],"line":179},"8":{"loc":{"start":{"line":186,"column":4},"end":{"line":191,"column":90}},"type":"binary-expr","locations":[{"start":{"line":186,"column":5},"end":{"line":186,"column":22}},{"start":{"line":186,"column":26},"end":{"line":186,"column":45}},{"start":{"line":187,"column":5},"end":{"line":187,"column":23}},{"start":{"line":187,"column":27},"end":{"line":187,"column":45}},{"start":{"line":188,"column":5},"end":{"line":188,"column":23}},{"start":{"line":189,"column":6},"end":{"line":189,"column":25}},{"start":{"line":190,"column":6},"end":{"line":190,"column":30}},{"start":{"line":191,"column":7},"end":{"line":191,"column":36}},{"start":{"line":191,"column":40},"end":{"line":191,"column":88}}],"line":186},"9":{"loc":{"start":{"line":195,"column":4},"end":{"line":204,"column":5}},"type":"if","locations":[{"start":{"line":195,"column":4},"end":{"line":204,"column":5}},{"start":{"line":198,"column":11},"end":{"line":204,"column":5}}],"line":195},"10":{"loc":{"start":{"line":195,"column":8},"end":{"line":195,"column":58}},"type":"binary-expr","locations":[{"start":{"line":195,"column":8},"end":{"line":195,"column":28}},{"start":{"line":195,"column":32},"end":{"line":195,"column":58}}],"line":195},"11":{"loc":{"start":{"line":198,"column":11},"end":{"line":204,"column":5}},"type":"if","locations":[{"start":{"line":198,"column":11},"end":{"line":204,"column":5}},{"start":{"line":201,"column":11},"end":{"line":204,"column":5}}],"line":198},"12":{"loc":{"start":{"line":201,"column":11},"end":{"line":204,"column":5}},"type":"if","locations":[{"start":{"line":201,"column":11},"end":{"line":204,"column":5}},{"start":{},"end":{}}],"line":201},"13":{"loc":{"start":{"line":201,"column":15},"end":{"line":201,"column":62}},"type":"binary-expr","locations":[{"start":{"line":201,"column":15},"end":{"line":201,"column":34}},{"start":{"line":201,"column":38},"end":{"line":201,"column":62}}],"line":201},"14":{"loc":{"start":{"line":210,"column":4},"end":{"line":212,"column":5}},"type":"if","locations":[{"start":{"line":210,"column":4},"end":{"line":212,"column":5}},{"start":{},"end":{}}],"line":210},"15":{"loc":{"start":{"line":214,"column":17},"end":{"line":214,"column":29}},"type":"binary-expr","locations":[{"start":{"line":214,"column":17},"end":{"line":214,"column":21}},{"start":{"line":214,"column":25},"end":{"line":214,"column":29}}],"line":214},"16":{"loc":{"start":{"line":242,"column":4},"end":{"line":244,"column":5}},"type":"if","locations":[{"start":{"line":242,"column":4},"end":{"line":244,"column":5}},{"start":{},"end":{}}],"line":242},"17":{"loc":{"start":{"line":249,"column":18},"end":{"line":249,"column":28}},"type":"default-arg","locations":[{"start":{"line":249,"column":24},"end":{"line":249,"column":28}}],"line":249},"18":{"loc":{"start":{"line":274,"column":4},"end":{"line":276,"column":5}},"type":"if","locations":[{"start":{"line":274,"column":4},"end":{"line":276,"column":5}},{"start":{},"end":{}}],"line":274},"19":{"loc":{"start":{"line":281,"column":26},"end":{"line":281,"column":92}},"type":"binary-expr","locations":[{"start":{"line":281,"column":26},"end":{"line":281,"column":46}},{"start":{"line":281,"column":50},"end":{"line":281,"column":92}}],"line":281},"20":{"loc":{"start":{"line":282,"column":27},"end":{"line":282,"column":94}},"type":"binary-expr","locations":[{"start":{"line":282,"column":27},"end":{"line":282,"column":47}},{"start":{"line":282,"column":51},"end":{"line":282,"column":94}}],"line":282},"21":{"loc":{"start":{"line":283,"column":25},"end":{"line":283,"column":90}},"type":"binary-expr","locations":[{"start":{"line":283,"column":25},"end":{"line":283,"column":45}},{"start":{"line":283,"column":49},"end":{"line":283,"column":90}}],"line":283},"22":{"loc":{"start":{"line":301,"column":4},"end":{"line":303,"column":5}},"type":"if","locations":[{"start":{"line":301,"column":4},"end":{"line":303,"column":5}},{"start":{},"end":{}}],"line":301},"23":{"loc":{"start":{"line":305,"column":6},"end":{"line":312,"column":14}},"type":"cond-expr","locations":[{"start":{"line":306,"column":10},"end":{"line":311,"column":11}},{"start":{"line":312,"column":10},"end":{"line":312,"column":14}}],"line":305},"24":{"loc":{"start":{"line":305,"column":6},"end":{"line":305,"column":46}},"type":"binary-expr","locations":[{"start":{"line":305,"column":6},"end":{"line":305,"column":26}},{"start":{"line":305,"column":30},"end":{"line":305,"column":46}}],"line":305},"25":{"loc":{"start":{"line":315,"column":6},"end":{"line":322,"column":14}},"type":"cond-expr","locations":[{"start":{"line":316,"column":10},"end":{"line":321,"column":11}},{"start":{"line":322,"column":10},"end":{"line":322,"column":14}}],"line":315},"26":{"loc":{"start":{"line":315,"column":6},"end":{"line":315,"column":48}},"type":"binary-expr","locations":[{"start":{"line":315,"column":6},"end":{"line":315,"column":26}},{"start":{"line":315,"column":30},"end":{"line":315,"column":48}}],"line":315},"27":{"loc":{"start":{"line":325,"column":6},"end":{"line":332,"column":14}},"type":"cond-expr","locations":[{"start":{"line":326,"column":10},"end":{"line":331,"column":11}},{"start":{"line":332,"column":10},"end":{"line":332,"column":14}}],"line":325},"28":{"loc":{"start":{"line":325,"column":6},"end":{"line":325,"column":47}},"type":"binary-expr","locations":[{"start":{"line":325,"column":6},"end":{"line":325,"column":26}},{"start":{"line":325,"column":30},"end":{"line":325,"column":47}}],"line":325},"29":{"loc":{"start":{"line":339,"column":4},"end":{"line":346,"column":5}},"type":"if","locations":[{"start":{"line":339,"column":4},"end":{"line":346,"column":5}},{"start":{"line":344,"column":11},"end":{"line":346,"column":5}}],"line":339},"30":{"loc":{"start":{"line":365,"column":6},"end":{"line":365,"column":33}},"type":"default-arg","locations":[{"start":{"line":365,"column":28},"end":{"line":365,"column":33}}],"line":365},"31":{"loc":{"start":{"line":368,"column":4},"end":{"line":374,"column":5}},"type":"if","locations":[{"start":{"line":368,"column":4},"end":{"line":374,"column":5}},{"start":{},"end":{}}],"line":368},"32":{"loc":{"start":{"line":368,"column":8},"end":{"line":368,"column":91}},"type":"binary-expr","locations":[{"start":{"line":368,"column":9},"end":{"line":368,"column":16}},{"start":{"line":368,"column":20},"end":{"line":368,"column":32}},{"start":{"line":368,"column":38},"end":{"line":368,"column":46}},{"start":{"line":368,"column":50},"end":{"line":368,"column":63}},{"start":{"line":368,"column":69},"end":{"line":368,"column":90}}],"line":368},"33":{"loc":{"start":{"line":377,"column":6},"end":{"line":388,"column":11}},"type":"cond-expr","locations":[{"start":{"line":378,"column":10},"end":{"line":378,"column":12}},{"start":{"line":379,"column":10},"end":{"line":388,"column":11}}],"line":377},"34":{"loc":{"start":{"line":377,"column":6},"end":{"line":377,"column":77}},"type":"binary-expr","locations":[{"start":{"line":377,"column":6},"end":{"line":377,"column":25}},{"start":{"line":377,"column":29},"end":{"line":377,"column":39}},{"start":{"line":377,"column":43},"end":{"line":377,"column":77}}],"line":377},"35":{"loc":{"start":{"line":435,"column":25},"end":{"line":435,"column":60}},"type":"cond-expr","locations":[{"start":{"line":435,"column":44},"end":{"line":435,"column":49}},{"start":{"line":435,"column":52},"end":{"line":435,"column":60}}],"line":435},"36":{"loc":{"start":{"line":454,"column":10},"end":{"line":454,"column":108}},"type":"cond-expr","locations":[{"start":{"line":454,"column":74},"end":{"line":454,"column":103}},{"start":{"line":454,"column":106},"end":{"line":454,"column":108}}],"line":454},"37":{"loc":{"start":{"line":454,"column":10},"end":{"line":454,"column":71}},"type":"binary-expr","locations":[{"start":{"line":454,"column":10},"end":{"line":454,"column":22}},{"start":{"line":454,"column":26},"end":{"line":454,"column":43}},{"start":{"line":454,"column":47},"end":{"line":454,"column":71}}],"line":454},"38":{"loc":{"start":{"line":460,"column":10},"end":{"line":460,"column":36}},"type":"binary-expr","locations":[{"start":{"line":460,"column":10},"end":{"line":460,"column":30}},{"start":{"line":460,"column":34},"end":{"line":460,"column":36}}],"line":460}},"s":{"0":0,"1":0,"2":0,"3":0,"4":0,"5":0,"6":0,"7":0,"8":0,"9":0,"10":0,"11":0,"12":0,"13":0,"14":0,"15":0,"16":0,"17":0,"18":0,"19":0,"20":0,"21":0,"22":0,"23":0,"24":0,"25":0,"26":0,"27":0,"28":0,"29":0,"30":0,"31":0,"32":0,"33":0,"34":0,"35":0,"36":0,"37":0,"38":0,"39":0,"40":0,"41":0,"42":0,"43":0,"44":0,"45":0,"46":0,"47":0,"48":0,"49":0,"50":0,"51":0,"52":0,"53":0,"54":0,"55":0,"56":0,"57":0,"58":0,"59":0,"60":0,"61":0,"62":0,"63":0,"64":0,"65":0,"66":0,"67":0,"68":0,"69":0,"70":0,"71":0,"72":0,"73":0,"74":0,"75":0,"76":0,"77":0,"78":0,"79":0,"80":0,"81":0,"82":0,"83":0,"84":0,"85":0,"86":0,"87":0,"88":0,"89":0,"90":0,"91":0,"92":0,"93":0,"94":0,"95":0,"96":0,"97":0,"98":0,"99":0,"100":0,"101":0,"102":0,"103":0,"104":0,"105":0,"106":0,"107":0,"108":0,"109":0,"110":0,"111":0,"112":0,"113":0,"114":0,"115":0,"116":0,"117":0,"118":0,"119":0,"120":0,"121":0,"122":0,"123":0,"124":0,"125":0,"126":0,"127":0,"128":0,"129":0,"130":0,"131":0},"f":{"0":0,"1":0,"2":0,"3":0,"4":0,"5":0,"6":0,"7":0,"8":0,"9":0,"10":0,"11":0,"12":0,"13":0,"14":0,"15":0,"16":0,"17":0,"18":0,"19":0,"20":0,"21":0,"22":0,"23":0,"24":0,"25":0,"26":0,"27":0,"28":0,"29":0,"30":0,"31":0,"32":0,"33":0,"34":0,"35":0,"36":0,"37":0,"38":0,"39":0,"40":0,"41":0,"42":0,"43":0,"44":0,"45":0,"46":0,"47":0,"48":0,"49":0,"50":0,"51":0,"52":0,"53":0,"54":0,"55":0,"56":0,"57":0,"58":0,"59":0},"b":{"0":[0,0],"1":[0,0],"2":[0,0],"3":[0,0,0],"4":[0,0],"5":[0,0],"6":[0],"7":[0,0,0,0,0,0,0,0,0],"8":[0,0,0,0,0,0,0,0,0],"9":[0,0],"10":[0,0],"11":[0,0],"12":[0,0],"13":[0,0],"14":[0,0],"15":[0,0],"16":[0,0],"17":[0],"18":[0,0],"19":[0,0],"20":[0,0],"21":[0,0],"22":[0,0],"23":[0,0],"24":[0,0],"25":[0,0],"26":[0,0],"27":[0,0],"28":[0,0],"29":[0,0],"30":[0],"31":[0,0],"32":[0,0,0,0,0],"33":[0,0],"34":[0,0,0],"35":[0,0],"36":[0,0],"37":[0,0,0],"38":[0,0]}}
,"/home/paul-sandjong/openimis/openimis-fe-policy_js/src/components/InsureeEligibilityEnquiry.js": {"path":"/home/paul-sandjong/openimis/openimis-fe-policy_js/src/components/InsureeEligibilityEnquiry.js","statementMap":{"0":{"start":{"line":8,"column":15},"end":{"line":10,"column":2}},"1":{"start":{"line":8,"column":27},"end":{"line":10,"column":1}},"2":{"start":{"line":14,"column":33},"end":{"line":14,"column":43}},"3":{"start":{"line":15,"column":4},"end":{"line":15,"column":30}},"4":{"start":{"line":15,"column":18},"end":{"line":15,"column":30}},"5":{"start":{"line":16,"column":4},"end":{"line":21,"column":6}}},"fnMap":{"0":{"name":"(anonymous_0)","decl":{"start":{"line":8,"column":15},"end":{"line":8,"column":16}},"loc":{"start":{"line":8,"column":27},"end":{"line":10,"column":1}},"line":8},"1":{"name":"(anonymous_1)","decl":{"start":{"line":13,"column":2},"end":{"line":13,"column":3}},"loc":{"start":{"line":13,"column":11},"end":{"line":22,"column":3}},"line":13}},"branchMap":{"0":{"loc":{"start":{"line":15,"column":4},"end":{"line":15,"column":30}},"type":"if","locations":[{"start":{"line":15,"column":4},"end":{"line":15,"column":30}},{"start":{},"end":{}}],"line":15}},"s":{"0":0,"1":0,"2":0,"3":0,"4":0,"5":0},"f":{"0":0,"1":0},"b":{"0":[0,0]}}
,"/home/paul-sandjong/openimis/openimis-fe-policy_js/src/components/InsureeEligibilitySummary.js": {"path":"/home/paul-sandjong/openimis/openimis-fe-policy_js/src/components/InsureeEligibilitySummary.js","statementMap":{"0":{"start":{"line":11,"column":15},"end":{"line":17,"column":2}},"1":{"start":{"line":11,"column":25},"end":{"line":17,"column":1}},"2":{"start":{"line":19,"column":15},"end":{"line":41,"column":1}},"3":{"start":{"line":20,"column":4},"end":{"line":40,"column":6}},"4":{"start":{"line":32,"column":17},"end":{"line":32,"column":47}},"5":{"start":{"line":33,"column":17},"end":{"line":33,"column":43}},"6":{"start":{"line":34,"column":17},"end":{"line":34,"column":50}},"7":{"start":{"line":35,"column":17},"end":{"line":35,"column":46}},"8":{"start":{"line":36,"column":17},"end":{"line":36,"column":47}},"9":{"start":{"line":37,"column":17},"end":{"line":37,"column":46}},"10":{"start":{"line":43,"column":16},"end":{"line":63,"column":1}},"11":{"start":{"line":44,"column":4},"end":{"line":62,"column":6}},"12":{"start":{"line":55,"column":17},"end":{"line":55,"column":53}},"13":{"start":{"line":56,"column":17},"end":{"line":56,"column":50}},"14":{"start":{"line":57,"column":17},"end":{"line":57,"column":45}},"15":{"start":{"line":58,"column":17},"end":{"line":58,"column":46}},"16":{"start":{"line":59,"column":17},"end":{"line":59,"column":47}},"17":{"start":{"line":67,"column":8},"end":{"line":67,"column":21}},"18":{"start":{"line":68,"column":8},"end":{"line":68,"column":126}},"19":{"start":{"line":72,"column":22},"end":{"line":72,"column":85}},"20":{"start":{"line":73,"column":8},"end":{"line":75,"column":9}},"21":{"start":{"line":74,"column":12},"end":{"line":74,"column":47}},"22":{"start":{"line":79,"column":8},"end":{"line":81,"column":9}},"23":{"start":{"line":80,"column":12},"end":{"line":80,"column":66}},"24":{"start":{"line":85,"column":73},"end":{"line":85,"column":83}},"25":{"start":{"line":86,"column":31},"end":{"line":86,"column":56}},"26":{"start":{"line":87,"column":8},"end":{"line":87,"column":100}},"27":{"start":{"line":87,"column":88},"end":{"line":87,"column":100}},"28":{"start":{"line":89,"column":8},"end":{"line":102,"column":9}},"29":{"start":{"line":106,"column":24},"end":{"line":113,"column":2}},"30":{"start":{"line":106,"column":34},"end":{"line":113,"column":1}},"31":{"start":{"line":115,"column":27},"end":{"line":117,"column":1}},"32":{"start":{"line":116,"column":4},"end":{"line":116,"column":62}}},"fnMap":{"0":{"name":"(anonymous_0)","decl":{"start":{"line":11,"column":15},"end":{"line":11,"column":16}},"loc":{"start":{"line":11,"column":25},"end":{"line":17,"column":1}},"line":11},"1":{"name":"(anonymous_1)","decl":{"start":{"line":19,"column":15},"end":{"line":19,"column":16}},"loc":{"start":{"line":20,"column":4},"end":{"line":40,"column":6}},"line":20},"2":{"name":"(anonymous_2)","decl":{"start":{"line":32,"column":12},"end":{"line":32,"column":13}},"loc":{"start":{"line":32,"column":17},"end":{"line":32,"column":47}},"line":32},"3":{"name":"(anonymous_3)","decl":{"start":{"line":33,"column":12},"end":{"line":33,"column":13}},"loc":{"start":{"line":33,"column":17},"end":{"line":33,"column":43}},"line":33},"4":{"name":"(anonymous_4)","decl":{"start":{"line":34,"column":12},"end":{"line":34,"column":13}},"loc":{"start":{"line":34,"column":17},"end":{"line":34,"column":50}},"line":34},"5":{"name":"(anonymous_5)","decl":{"start":{"line":35,"column":12},"end":{"line":35,"column":13}},"loc":{"start":{"line":35,"column":17},"end":{"line":35,"column":46}},"line":35},"6":{"name":"(anonymous_6)","decl":{"start":{"line":36,"column":12},"end":{"line":36,"column":13}},"loc":{"start":{"line":36,"column":17},"end":{"line":36,"column":47}},"line":36},"7":{"name":"(anonymous_7)","decl":{"start":{"line":37,"column":12},"end":{"line":37,"column":13}},"loc":{"start":{"line":37,"column":17},"end":{"line":37,"column":46}},"line":37},"8":{"name":"(anonymous_8)","decl":{"start":{"line":43,"column":16},"end":{"line":43,"column":17}},"loc":{"start":{"line":44,"column":4},"end":{"line":62,"column":6}},"line":44},"9":{"name":"(anonymous_9)","decl":{"start":{"line":55,"column":12},"end":{"line":55,"column":13}},"loc":{"start":{"line":55,"column":17},"end":{"line":55,"column":53}},"line":55},"10":{"name":"(anonymous_10)","decl":{"start":{"line":56,"column":12},"end":{"line":56,"column":13}},"loc":{"start":{"line":56,"column":17},"end":{"line":56,"column":50}},"line":56},"11":{"name":"(anonymous_11)","decl":{"start":{"line":57,"column":12},"end":{"line":57,"column":13}},"loc":{"start":{"line":57,"column":17},"end":{"line":57,"column":45}},"line":57},"12":{"name":"(anonymous_12)","decl":{"start":{"line":58,"column":12},"end":{"line":58,"column":13}},"loc":{"start":{"line":58,"column":17},"end":{"line":58,"column":46}},"line":58},"13":{"name":"(anonymous_13)","decl":{"start":{"line":59,"column":12},"end":{"line":59,"column":13}},"loc":{"start":{"line":59,"column":17},"end":{"line":59,"column":47}},"line":59},"14":{"name":"(anonymous_14)","decl":{"start":{"line":66,"column":4},"end":{"line":66,"column":5}},"loc":{"start":{"line":66,"column":22},"end":{"line":69,"column":5}},"line":66},"15":{"name":"(anonymous_15)","decl":{"start":{"line":71,"column":4},"end":{"line":71,"column":5}},"loc":{"start":{"line":71,"column":23},"end":{"line":76,"column":5}},"line":71},"16":{"name":"(anonymous_16)","decl":{"start":{"line":78,"column":4},"end":{"line":78,"column":5}},"loc":{"start":{"line":78,"column":45},"end":{"line":82,"column":5}},"line":78},"17":{"name":"(anonymous_17)","decl":{"start":{"line":84,"column":4},"end":{"line":84,"column":5}},"loc":{"start":{"line":84,"column":13},"end":{"line":103,"column":5}},"line":84},"18":{"name":"(anonymous_18)","decl":{"start":{"line":106,"column":24},"end":{"line":106,"column":25}},"loc":{"start":{"line":106,"column":34},"end":{"line":113,"column":1}},"line":106},"19":{"name":"(anonymous_19)","decl":{"start":{"line":115,"column":27},"end":{"line":115,"column":28}},"loc":{"start":{"line":115,"column":39},"end":{"line":117,"column":1}},"line":115}},"branchMap":{"0":{"loc":{"start":{"line":32,"column":17},"end":{"line":32,"column":47}},"type":"binary-expr","locations":[{"start":{"line":32,"column":17},"end":{"line":32,"column":38}},{"start":{"line":32,"column":42},"end":{"line":32,"column":47}}],"line":32},"1":{"loc":{"start":{"line":33,"column":17},"end":{"line":33,"column":43}},"type":"binary-expr","locations":[{"start":{"line":33,"column":17},"end":{"line":33,"column":34}},{"start":{"line":33,"column":38},"end":{"line":33,"column":43}}],"line":33},"2":{"loc":{"start":{"line":34,"column":17},"end":{"line":34,"column":50}},"type":"binary-expr","locations":[{"start":{"line":34,"column":17},"end":{"line":34,"column":41}},{"start":{"line":34,"column":45},"end":{"line":34,"column":50}}],"line":34},"3":{"loc":{"start":{"line":35,"column":17},"end":{"line":35,"column":46}},"type":"binary-expr","locations":[{"start":{"line":35,"column":17},"end":{"line":35,"column":37}},{"start":{"line":35,"column":41},"end":{"line":35,"column":46}}],"line":35},"4":{"loc":{"start":{"line":36,"column":17},"end":{"line":36,"column":47}},"type":"binary-expr","locations":[{"start":{"line":36,"column":17},"end":{"line":36,"column":38}},{"start":{"line":36,"column":42},"end":{"line":36,"column":47}}],"line":36},"5":{"loc":{"start":{"line":37,"column":17},"end":{"line":37,"column":46}},"type":"binary-expr","locations":[{"start":{"line":37,"column":17},"end":{"line":37,"column":37}},{"start":{"line":37,"column":41},"end":{"line":37,"column":46}}],"line":37},"6":{"loc":{"start":{"line":55,"column":17},"end":{"line":55,"column":53}},"type":"binary-expr","locations":[{"start":{"line":55,"column":17},"end":{"line":55,"column":44}},{"start":{"line":55,"column":48},"end":{"line":55,"column":53}}],"line":55},"7":{"loc":{"start":{"line":56,"column":17},"end":{"line":56,"column":50}},"type":"binary-expr","locations":[{"start":{"line":56,"column":17},"end":{"line":56,"column":41}},{"start":{"line":56,"column":45},"end":{"line":56,"column":50}}],"line":56},"8":{"loc":{"start":{"line":57,"column":17},"end":{"line":57,"column":45}},"type":"binary-expr","locations":[{"start":{"line":57,"column":17},"end":{"line":57,"column":36}},{"start":{"line":57,"column":40},"end":{"line":57,"column":45}}],"line":57},"9":{"loc":{"start":{"line":58,"column":17},"end":{"line":58,"column":46}},"type":"binary-expr","locations":[{"start":{"line":58,"column":17},"end":{"line":58,"column":37}},{"start":{"line":58,"column":41},"end":{"line":58,"column":46}}],"line":58},"10":{"loc":{"start":{"line":59,"column":17},"end":{"line":59,"column":47}},"type":"binary-expr","locations":[{"start":{"line":59,"column":17},"end":{"line":59,"column":38}},{"start":{"line":59,"column":42},"end":{"line":59,"column":47}}],"line":59},"11":{"loc":{"start":{"line":72,"column":22},"end":{"line":72,"column":85}},"type":"binary-expr","locations":[{"start":{"line":72,"column":22},"end":{"line":72,"column":55}},{"start":{"line":72,"column":59},"end":{"line":72,"column":85}}],"line":72},"12":{"loc":{"start":{"line":73,"column":8},"end":{"line":75,"column":9}},"type":"if","locations":[{"start":{"line":73,"column":8},"end":{"line":75,"column":9}},{"start":{},"end":{}}],"line":73},"13":{"loc":{"start":{"line":79,"column":8},"end":{"line":81,"column":9}},"type":"if","locations":[{"start":{"line":79,"column":8},"end":{"line":81,"column":9}},{"start":{},"end":{}}],"line":79},"14":{"loc":{"start":{"line":86,"column":31},"end":{"line":86,"column":56}},"type":"binary-expr","locations":[{"start":{"line":86,"column":31},"end":{"line":86,"column":45}},{"start":{"line":86,"column":49},"end":{"line":86,"column":56}}],"line":86},"15":{"loc":{"start":{"line":87,"column":8},"end":{"line":87,"column":100}},"type":"if","locations":[{"start":{"line":87,"column":8},"end":{"line":87,"column":100}},{"start":{},"end":{}}],"line":87},"16":{"loc":{"start":{"line":87,"column":12},"end":{"line":87,"column":86}},"type":"binary-expr","locations":[{"start":{"line":87,"column":12},"end":{"line":87,"column":27}},{"start":{"line":87,"column":31},"end":{"line":87,"column":50}},{"start":{"line":87,"column":54},"end":{"line":87,"column":86}}],"line":87}},"s":{"0":0,"1":0,"2":0,"3":0,"4":0,"5":0,"6":0,"7":0,"8":0,"9":0,"10":0,"11":0,"12":0,"13":0,"14":0,"15":0,"16":0,"17":0,"18":0,"19":0,"20":0,"21":0,"22":0,"23":0,"24":0,"25":0,"26":0,"27":0,"28":0,"29":0,"30":0,"31":0,"32":0},"f":{"0":0,"1":0,"2":0,"3":0,"4":0,"5":0,"6":0,"7":0,"8":0,"9":0,"10":0,"11":0,"12":0,"13":0,"14":0,"15":0,"16":0,"17":0,"18":0,"19":0},"b":{"0":[0,0],"1":[0,0],"2":[0,0],"3":[0,0],"4":[0,0],"5":[0,0],"6":[0,0],"7":[0,0],"8":[0,0],"9":[0,0],"10":[0,0],"11":[0,0],"12":[0,0],"13":[0,0],"14":[0,0],"15":[0,0],"16":[0,0,0]}}
,"/home/paul-sandjong/openimis/openimis-fe-policy_js/src/components/InsureeItemEligibility.js": {"path":"/home/paul-sandjong/openimis/openimis-fe-policy_js/src/components/InsureeItemEligibility.js","statementMap":{"0":{"start":{"line":10,"column":15},"end":{"line":22,"column":2}},"1":{"start":{"line":10,"column":27},"end":{"line":22,"column":1}},"2":{"start":{"line":25,"column":19},"end":{"line":32,"column":3}},"3":{"start":{"line":26,"column":24},"end":{"line":26,"column":34}},"4":{"start":{"line":27,"column":4},"end":{"line":31,"column":5}},"5":{"start":{"line":28,"column":6},"end":{"line":28,"column":64}},"6":{"start":{"line":30,"column":6},"end":{"line":30,"column":40}},"7":{"start":{"line":35,"column":4},"end":{"line":35,"column":38}},"8":{"start":{"line":39,"column":78},"end":{"line":39,"column":88}},"9":{"start":{"line":40,"column":4},"end":{"line":70,"column":6}},"10":{"start":{"line":74,"column":24},"end":{"line":79,"column":2}},"11":{"start":{"line":74,"column":36},"end":{"line":79,"column":1}},"12":{"start":{"line":81,"column":27},"end":{"line":83,"column":1}},"13":{"start":{"line":82,"column":2},"end":{"line":82,"column":86}}},"fnMap":{"0":{"name":"(anonymous_0)","decl":{"start":{"line":10,"column":15},"end":{"line":10,"column":16}},"loc":{"start":{"line":10,"column":27},"end":{"line":22,"column":1}},"line":10},"1":{"name":"(anonymous_1)","decl":{"start":{"line":25,"column":19},"end":{"line":25,"column":20}},"loc":{"start":{"line":25,"column":29},"end":{"line":32,"column":3}},"line":25},"2":{"name":"(anonymous_2)","decl":{"start":{"line":34,"column":2},"end":{"line":34,"column":3}},"loc":{"start":{"line":34,"column":25},"end":{"line":36,"column":3}},"line":34},"3":{"name":"(anonymous_3)","decl":{"start":{"line":38,"column":2},"end":{"line":38,"column":3}},"loc":{"start":{"line":38,"column":11},"end":{"line":71,"column":3}},"line":38},"4":{"name":"(anonymous_4)","decl":{"start":{"line":74,"column":24},"end":{"line":74,"column":25}},"loc":{"start":{"line":74,"column":36},"end":{"line":79,"column":1}},"line":74},"5":{"name":"(anonymous_5)","decl":{"start":{"line":81,"column":27},"end":{"line":81,"column":28}},"loc":{"start":{"line":81,"column":41},"end":{"line":83,"column":1}},"line":81}},"branchMap":{"0":{"loc":{"start":{"line":27,"column":4},"end":{"line":31,"column":5}},"type":"if","locations":[{"start":{"line":27,"column":4},"end":{"line":31,"column":5}},{"start":{"line":29,"column":11},"end":{"line":31,"column":5}}],"line":27},"1":{"loc":{"start":{"line":60,"column":13},"end":{"line":66,"column":13}},"type":"binary-expr","locations":[{"start":{"line":60,"column":13},"end":{"line":60,"column":22}},{"start":{"line":60,"column":26},"end":{"line":60,"column":32}},{"start":{"line":61,"column":14},"end":{"line":65,"column":16}}],"line":60}},"s":{"0":0,"1":0,"2":0,"3":0,"4":0,"5":0,"6":0,"7":0,"8":0,"9":0,"10":0,"11":0,"12":0,"13":0},"f":{"0":0,"1":0,"2":0,"3":0,"4":0,"5":0},"b":{"0":[0,0],"1":[0,0,0]}}
,"/home/paul-sandjong/openimis/openimis-fe-policy_js/src/components/InsureePolicyEligibilitySummary.js": {"path":"/home/paul-sandjong/openimis/openimis-fe-policy_js/src/components/InsureePolicyEligibilitySummary.js","statementMap":{"0":{"start":{"line":13,"column":15},"end":{"line":15,"column":2}},"1":{"start":{"line":13,"column":25},"end":{"line":15,"column":1}},"2":{"start":{"line":19,"column":12},"end":{"line":21,"column":5}},"3":{"start":{"line":24,"column":8},"end":{"line":24,"column":21}},"4":{"start":{"line":25,"column":8},"end":{"line":25,"column":124}},"5":{"start":{"line":29,"column":8},"end":{"line":39,"column":9}},"6":{"start":{"line":30,"column":12},"end":{"line":36,"column":13}},"7":{"start":{"line":38,"column":12},"end":{"line":38,"column":43}},"8":{"start":{"line":43,"column":8},"end":{"line":46,"column":9}},"9":{"start":{"line":44,"column":12},"end":{"line":44,"column":43}},"10":{"start":{"line":45,"column":12},"end":{"line":45,"column":19}},"11":{"start":{"line":47,"column":8},"end":{"line":67,"column":9}},"12":{"start":{"line":54,"column":12},"end":{"line":65,"column":13}},"13":{"start":{"line":57,"column":20},"end":{"line":63,"column":21}},"14":{"start":{"line":66,"column":12},"end":{"line":66,"column":19}},"15":{"start":{"line":68,"column":8},"end":{"line":82,"column":9}},"16":{"start":{"line":69,"column":10},"end":{"line":80,"column":11}},"17":{"start":{"line":72,"column":14},"end":{"line":78,"column":15}},"18":{"start":{"line":81,"column":10},"end":{"line":81,"column":17}},"19":{"start":{"line":83,"column":8},"end":{"line":85,"column":9}},"20":{"start":{"line":84,"column":12},"end":{"line":84,"column":75}},"21":{"start":{"line":84,"column":45},"end":{"line":84,"column":73}},"22":{"start":{"line":89,"column":78},"end":{"line":89,"column":88}},"23":{"start":{"line":90,"column":29},"end":{"line":90,"column":39}},"24":{"start":{"line":91,"column":29},"end":{"line":91,"column":113}},"25":{"start":{"line":91,"column":64},"end":{"line":91,"column":112}},"26":{"start":{"line":91,"column":98},"end":{"line":91,"column":111}},"27":{"start":{"line":92,"column":8},"end":{"line":144,"column":9}},"28":{"start":{"line":104,"column":32},"end":{"line":138,"column":43}},"29":{"start":{"line":148,"column":24},"end":{"line":153,"column":2}},"30":{"start":{"line":148,"column":34},"end":{"line":153,"column":1}},"31":{"start":{"line":155,"column":27},"end":{"line":157,"column":1}},"32":{"start":{"line":156,"column":4},"end":{"line":156,"column":74}}},"fnMap":{"0":{"name":"(anonymous_0)","decl":{"start":{"line":13,"column":15},"end":{"line":13,"column":16}},"loc":{"start":{"line":13,"column":25},"end":{"line":15,"column":1}},"line":13},"1":{"name":"(anonymous_1)","decl":{"start":{"line":23,"column":4},"end":{"line":23,"column":5}},"loc":{"start":{"line":23,"column":23},"end":{"line":26,"column":5}},"line":23},"2":{"name":"(anonymous_2)","decl":{"start":{"line":28,"column":4},"end":{"line":28,"column":5}},"loc":{"start":{"line":28,"column":24},"end":{"line":40,"column":5}},"line":28},"3":{"name":"(anonymous_3)","decl":{"start":{"line":42,"column":4},"end":{"line":42,"column":5}},"loc":{"start":{"line":42,"column":55},"end":{"line":86,"column":5}},"line":42},"4":{"name":"(anonymous_4)","decl":{"start":{"line":56,"column":16},"end":{"line":56,"column":17}},"loc":{"start":{"line":56,"column":21},"end":{"line":64,"column":17}},"line":56},"5":{"name":"(anonymous_5)","decl":{"start":{"line":71,"column":12},"end":{"line":71,"column":13}},"loc":{"start":{"line":71,"column":17},"end":{"line":79,"column":13}},"line":71},"6":{"name":"(anonymous_6)","decl":{"start":{"line":84,"column":26},"end":{"line":84,"column":27}},"loc":{"start":{"line":84,"column":45},"end":{"line":84,"column":73}},"line":84},"7":{"name":"(anonymous_7)","decl":{"start":{"line":88,"column":4},"end":{"line":88,"column":5}},"loc":{"start":{"line":88,"column":13},"end":{"line":145,"column":5}},"line":88},"8":{"name":"(anonymous_8)","decl":{"start":{"line":91,"column":59},"end":{"line":91,"column":60}},"loc":{"start":{"line":91,"column":64},"end":{"line":91,"column":112}},"line":91},"9":{"name":"(anonymous_9)","decl":{"start":{"line":91,"column":93},"end":{"line":91,"column":94}},"loc":{"start":{"line":91,"column":98},"end":{"line":91,"column":111}},"line":91},"10":{"name":"(anonymous_10)","decl":{"start":{"line":103,"column":48},"end":{"line":103,"column":49}},"loc":{"start":{"line":104,"column":32},"end":{"line":138,"column":43}},"line":104},"11":{"name":"(anonymous_11)","decl":{"start":{"line":148,"column":24},"end":{"line":148,"column":25}},"loc":{"start":{"line":148,"column":34},"end":{"line":153,"column":1}},"line":148},"12":{"name":"(anonymous_12)","decl":{"start":{"line":155,"column":27},"end":{"line":155,"column":28}},"loc":{"start":{"line":155,"column":39},"end":{"line":157,"column":1}},"line":155}},"branchMap":{"0":{"loc":{"start":{"line":29,"column":8},"end":{"line":39,"column":9}},"type":"if","locations":[{"start":{"line":29,"column":8},"end":{"line":39,"column":9}},{"start":{"line":37,"column":15},"end":{"line":39,"column":9}}],"line":29},"1":{"loc":{"start":{"line":34,"column":18},"end":{"line":34,"column":87}},"type":"cond-expr","locations":[{"start":{"line":34,"column":43},"end":{"line":34,"column":82}},{"start":{"line":34,"column":85},"end":{"line":34,"column":87}}],"line":34},"2":{"loc":{"start":{"line":43,"column":8},"end":{"line":46,"column":9}},"type":"if","locations":[{"start":{"line":43,"column":8},"end":{"line":46,"column":9}},{"start":{},"end":{}}],"line":43},"3":{"loc":{"start":{"line":43,"column":12},"end":{"line":43,"column":54}},"type":"binary-expr","locations":[{"start":{"line":43,"column":12},"end":{"line":43,"column":31}},{"start":{"line":43,"column":35},"end":{"line":43,"column":54}}],"line":43},"4":{"loc":{"start":{"line":47,"column":8},"end":{"line":67,"column":9}},"type":"if","locations":[{"start":{"line":47,"column":8},"end":{"line":67,"column":9}},{"start":{},"end":{}}],"line":47},"5":{"loc":{"start":{"line":47,"column":12},"end":{"line":52,"column":13}},"type":"binary-expr","locations":[{"start":{"line":47,"column":13},"end":{"line":47,"column":31}},{"start":{"line":47,"column":35},"end":{"line":47,"column":55}},{"start":{"line":48,"column":12},"end":{"line":48,"column":31}},{"start":{"line":48,"column":35},"end":{"line":48,"column":55}},{"start":{"line":50,"column":16},"end":{"line":50,"column":47}},{"start":{"line":51,"column":19},"end":{"line":51,"column":71}}],"line":47},"6":{"loc":{"start":{"line":61,"column":24},"end":{"line":61,"column":93}},"type":"cond-expr","locations":[{"start":{"line":61,"column":49},"end":{"line":61,"column":88}},{"start":{"line":61,"column":91},"end":{"line":61,"column":93}}],"line":61},"7":{"loc":{"start":{"line":68,"column":8},"end":{"line":82,"column":9}},"type":"if","locations":[{"start":{"line":68,"column":8},"end":{"line":82,"column":9}},{"start":{},"end":{}}],"line":68},"8":{"loc":{"start":{"line":68,"column":12},"end":{"line":68,"column":81}},"type":"binary-expr","locations":[{"start":{"line":68,"column":12},"end":{"line":68,"column":31}},{"start":{"line":68,"column":35},"end":{"line":68,"column":81}}],"line":68},"9":{"loc":{"start":{"line":76,"column":18},"end":{"line":76,"column":87}},"type":"cond-expr","locations":[{"start":{"line":76,"column":43},"end":{"line":76,"column":82}},{"start":{"line":76,"column":85},"end":{"line":76,"column":87}}],"line":76},"10":{"loc":{"start":{"line":83,"column":8},"end":{"line":85,"column":9}},"type":"if","locations":[{"start":{"line":83,"column":8},"end":{"line":85,"column":9}},{"start":{},"end":{}}],"line":83},"11":{"loc":{"start":{"line":83,"column":12},"end":{"line":83,"column":68}},"type":"binary-expr","locations":[{"start":{"line":83,"column":12},"end":{"line":83,"column":38}},{"start":{"line":83,"column":42},"end":{"line":83,"column":68}}],"line":83},"12":{"loc":{"start":{"line":91,"column":29},"end":{"line":91,"column":113}},"type":"binary-expr","locations":[{"start":{"line":91,"column":29},"end":{"line":91,"column":39}},{"start":{"line":91,"column":43},"end":{"line":91,"column":113}}],"line":91},"13":{"loc":{"start":{"line":95,"column":17},"end":{"line":98,"column":27}},"type":"binary-expr","locations":[{"start":{"line":95,"column":17},"end":{"line":95,"column":34}},{"start":{"line":95,"column":38},"end":{"line":95,"column":60}},{"start":{"line":96,"column":20},"end":{"line":98,"column":27}}],"line":95},"14":{"loc":{"start":{"line":100,"column":17},"end":{"line":142,"column":17}},"type":"binary-expr","locations":[{"start":{"line":100,"column":17},"end":{"line":100,"column":34}},{"start":{"line":100,"column":38},"end":{"line":100,"column":61}},{"start":{"line":101,"column":20},"end":{"line":141,"column":27}}],"line":100},"15":{"loc
[...]
,"/home/paul-sandjong/openimis/openimis-fe-policy_js/src/pickers/PolicyOfficerPicker.js": {"path":"/home/paul-sandjong/openimis/openimis-fe-policy_js/src/pickers/PolicyOfficerPicker.js","statementMap":{"0":{"start":{"line":11,"column":28},"end":{"line":101,"column":1}},"1":{"start":{"line":28,"column":6},"end":{"line":28,"column":11}},"2":{"start":{"line":29,"column":42},"end":{"line":29,"column":56}},"3":{"start":{"line":30,"column":28},"end":{"line":30,"column":53}},"4":{"start":{"line":32,"column":19},"end":{"line":32,"column":23}},"5":{"start":{"line":33,"column":17},"end":{"line":33,"column":21}},"6":{"start":{"line":34,"column":2},"end":{"line":41,"column":3}},"7":{"start":{"line":35,"column":4},"end":{"line":36,"column":68}},"8":{"start":{"line":36,"column":6},"end":{"line":36,"column":68}},"9":{"start":{"line":37,"column":4},"end":{"line":38,"column":66}},"10":{"start":{"line":38,"column":6},"end":{"line":38,"column":66}},"11":{"start":{"line":40,"column":4},"end":{"line":40,"column":27}},"12":{"start":{"line":43,"column":37},"end":{"line":60,"column":3}},"13":{"start":{"line":62,"column":2},"end":{"line":100,"column":4}},"14":{"start":{"line":68,"column":57},"end":{"line":68,"column":66}},"15":{"start":{"line":72,"column":8},"end":{"line":72,"column":64}},"16":{"start":{"line":75,"column":8},"end":{"line":80,"column":9}},"17":{"start":{"line":86,"column":8},"end":{"line":97,"column":10}}},"fnMap":{"0":{"name":"(anonymous_0)","decl":{"start":{"line":11,"column":28},"end":{"line":11,"column":29}},"loc":{"start":{"line":11,"column":39},"end":{"line":101,"column":1}},"line":11},"1":{"name":"(anonymous_1)","decl":{"start":{"line":68,"column":47},"end":{"line":68,"column":48}},"loc":{"start":{"line":68,"column":57},"end":{"line":68,"column":66}},"line":68},"2":{"name":"(anonymous_2)","decl":{"start":{"line":71,"column":22},"end":{"line":71,"column":23}},"loc":{"start":{"line":72,"column":8},"end":{"line":72,"column":64}},"line":72},"3":{"name":"(anonymous_3)","decl":{"start":{"line":74,"column":16},"end":{"line":74,"column":17}},"loc":{"start":{"line":75,"column":8},"end":{"line":80,"column":9}},"line":75},"4":{"name":"(anonymous_4)","decl":{"start":{"line":85,"column":19},"end":{"line":85,"column":20}},"loc":{"start":{"line":86,"column":8},"end":{"line":97,"column":10}},"line":86}},"branchMap":{"0":{"loc":{"start":{"line":16,"column":4},"end":{"line":16,"column":21}},"type":"default-arg","locations":[{"start":{"line":16,"column":16},"end":{"line":16,"column":21}}],"line":16},"1":{"loc":{"start":{"line":17,"column":4},"end":{"line":17,"column":27}},"type":"default-arg","locations":[{"start":{"line":17,"column":22},"end":{"line":17,"column":27}}],"line":17},"2":{"loc":{"start":{"line":34,"column":2},"end":{"line":41,"column":3}},"type":"if","locations":[{"start":{"line":34,"column":2},"end":{"line":41,"column":3}},{"start":{"line":39,"column":9},"end":{"line":41,"column":3}}],"line":34},"3":{"loc":{"start":{"line":35,"column":4},"end":{"line":36,"column":68}},"type":"if","locations":[{"start":{"line":35,"column":4},"end":{"line":36,"column":68}},{"start":{},"end":{}}],"line":35},"4":{"loc":{"start":{"line":37,"column":4},"end":{"line":38,"column":66}},"type":"if","locations":[{"start":{"line":37,"column":4},"end":{"line":38,"column":66}},{"start":{},"end":{}}],"line":37},"5":{"loc":{"start":{"line":53,"column":14},"end":{"line":53,"column":33}},"type":"binary-expr","locations":[{"start":{"line":53,"column":14},"end":{"line":53,"column":27}},{"start":{"line":53,"column":31},"end":{"line":53,"column":33}}],"line":53},"6":{"loc":{"start":{"line":68,"column":15},"end":{"line":68,"column":73}},"type":"binary-expr","locations":[{"start":{"line":68,"column":15},"end":{"line":68,"column":67}},{"start":{"line":68,"column":71},"end":{"line":68,"column":73}}],"line":68},"7":{"loc":{"start":{"line":77,"column":10},"end":{"line":79,"column":18}},"type":"cond-expr","locations":[{"start":{"line":78,"column":14},"end":{"line":78,"column":70}},{"start":{"line":79,"column":14},"end":{"line":79,"column":18}}],"line":77},"8":{"loc":{"start":{"line":90,"column":12},"end":{"line":91,"column":54}},"type":"binary-expr","locations":[{"start":{"line":90,"column":13},"end":{"line":90,"column":22}},{"start":{"line":90,"column":27},"end":{"line":90,"column":32}},{"start":{"line":90,"column":36},"end":{"line":90,"column":45}},{"start":{"line":91,"column":12},"end":{"line":91,"column":54}}],"line":90},"9":{"loc":{"start":{"line":94,"column":12},"end":{"line":95,"column":60}},"type":"binary-expr","locations":[{"start":{"line":94,"column":13},"end":{"line":94,"column":28}},{"start":{"line":94,"column":32},"end":{"line":94,"column":43}},{"start":{"line":95,"column":12},"end":{"line":95,"column":60}}],"line":94}},"s":{"0":0,"1":0,"2":0,"3":0,"4":0,"5":0,"6":0,"7":0,"8":0,"9":0,"10":0,"11":0,"12":0,"13":0,"14":0,"15":0,"16":0,"17":0},"f":{"0":0,"1":0,"2":0,"3":0,"4":0},"b":{"0":[0],"1":[0],"2":[0,0],"3":[0,0],"4":[0,0],"5":[0,0],"6":[0,0],"7":[0,0],"8":[0,0,0,0],"9":[0,0,0]}}
,"/home/paul-sandjong/openimis/openimis-fe-policy_js/src/pickers/PolicyStagePicker.js": {"path":"/home/paul-sandjong/openimis/openimis-fe-policy_js/src/pickers/PolicyStagePicker.js","statementMap":{"0":{"start":{"line":9,"column":8},"end":{"line":14,"column":10}}},"fnMap":{"0":{"name":"(anonymous_0)","decl":{"start":{"line":8,"column":4},"end":{"line":8,"column":5}},"loc":{"start":{"line":8,"column":13},"end":{"line":15,"column":5}},"line":8}},"branchMap":{},"s":{"0":0},"f":{"0":0},"b":{}}
,"/home/paul-sandjong/openimis/openimis-fe-policy_js/src/pickers/PolicyStatusPicker.js": {"path":"/home/paul-sandjong/openimis/openimis-fe-policy_js/src/pickers/PolicyStatusPicker.js","statementMap":{"0":{"start":{"line":9,"column":8},"end":{"line":14,"column":10}}},"fnMap":{"0":{"name":"(anonymous_0)","decl":{"start":{"line":8,"column":4},"end":{"line":8,"column":5}},"loc":{"start":{"line":8,"column":13},"end":{"line":15,"column":5}},"line":8}},"branchMap":{},"s":{"0":0},"f":{"0":0},"b":{}}
,"/home/paul-sandjong/openimis/openimis-fe-policy_js/src/reports/PolicyPrimaryOperationalIndicatorsReport.js": {"path":"/home/paul-sandjong/openimis/openimis-fe-policy_js/src/reports/PolicyPrimaryOperationalIndicatorsReport.js","statementMap":{"0":{"start":{"line":5,"column":34},"end":{"line":37,"column":1}},"1":{"start":{"line":6,"column":32},"end":{"line":6,"column":37}},"2":{"start":{"line":7,"column":25},"end":{"line":7,"column":44}},"3":{"start":{"line":8,"column":28},"end":{"line":8,"column":69}},"4":{"start":{"line":10,"column":2},"end":{"line":36,"column":4}},"5":{"start":{"line":19,"column":35},"end":{"line":19,"column":70}},"6":{"start":{"line":26,"column":12},"end":{"line":29,"column":14}}},"fnMap":{"0":{"name":"(anonymous_0)","decl":{"start":{"line":5,"column":34},"end":{"line":5,"column":35}},"loc":{"start":{"line":5,"column":45},"end":{"line":37,"column":1}},"line":5},"1":{"name":"(anonymous_1)","decl":{"start":{"line":19,"column":20},"end":{"line":19,"column":21}},"loc":{"start":{"line":19,"column":35},"end":{"line":19,"column":70}},"line":19},"2":{"name":"(anonymous_2)","decl":{"start":{"line":25,"column":20},"end":{"line":25,"column":21}},"loc":{"start":{"line":26,"column":12},"end":{"line":29,"column":14}},"line":26}},"branchMap":{},"s":{"0":0,"1":0,"2":0,"3":0,"4":0,"5":0,"6":0},"f":{"0":0,"1":0,"2":0},"b":{}}
,"/home/paul-sandjong/openimis/openimis-fe-policy_js/src/reports/PolicyRenewalsReport.js": {"path":"/home/paul-sandjong/openimis/openimis-fe-policy_js/src/reports/PolicyRenewalsReport.js","statementMap":{"0":{"start":{"line":6,"column":29},"end":{"line":90,"column":1}},"1":{"start":{"line":7,"column":32},"end":{"line":7,"column":37}},"2":{"start":{"line":8,"column":25},"end":{"line":8,"column":44}},"3":{"start":{"line":9,"column":28},"end":{"line":9,"column":69}},"4":{"start":{"line":11,"column":2},"end":{"line":89,"column":4}},"5":{"start":{"line":20,"column":35},"end":{"line":20,"column":70}},"6":{"start":{"line":30,"column":33},"end":{"line":30,"column":66}},"7":{"start":{"line":37,"column":12},"end":{"line":41,"column":12}},"8":{"start":{"line":51,"column":12},"end":{"line":54,"column":12}},"9":{"start":{"line":64,"column":33},"end":{"line":64,"column":66}},"10":{"start":{"line":73,"column":33},"end":{"line":73,"column":66}},"11":{"start":{"line":85,"column":33},"end":{"line":85,"column":66}}},"fnMap":{"0":{"name":"(anonymous_0)","decl":{"start":{"line":6,"column":29},"end":{"line":6,"column":30}},"loc":{"start":{"line":6,"column":40},"end":{"line":90,"column":1}},"line":6},"1":{"name":"(anonymous_1)","decl":{"start":{"line":20,"column":20},"end":{"line":20,"column":21}},"loc":{"start":{"line":20,"column":35},"end":{"line":20,"column":70}},"line":20},"2":{"name":"(anonymous_2)","decl":{"start":{"line":30,"column":20},"end":{"line":30,"column":21}},"loc":{"start":{"line":30,"column":33},"end":{"line":30,"column":66}},"line":30},"3":{"name":"(anonymous_3)","decl":{"start":{"line":36,"column":20},"end":{"line":36,"column":21}},"loc":{"start":{"line":37,"column":12},"end":{"line":41,"column":12}},"line":37},"4":{"name":"(anonymous_4)","decl":{"start":{"line":50,"column":20},"end":{"line":50,"column":21}},"loc":{"start":{"line":51,"column":12},"end":{"line":54,"column":12}},"line":51},"5":{"name":"(anonymous_5)","decl":{"start":{"line":64,"column":20},"end":{"line":64,"column":21}},"loc":{"start":{"line":64,"column":33},"end":{"line":64,"column":66}},"line":64},"6":{"name":"(anonymous_6)","decl":{"start":{"line":73,"column":20},"end":{"line":73,"column":21}},"loc":{"start":{"line":73,"column":33},"end":{"line":73,"column":66}},"line":73},"7":{"name":"(anonymous_7)","decl":{"start":{"line":85,"column":20},"end":{"line":85,"column":21}},"loc":{"start":{"line":85,"column":33},"end":{"line":85,"column":66}},"line":85}},"branchMap":{},"s":{"0":0,"1":0,"2":0,"3":0,"4":0,"5":0,"6":0,"7":0,"8":0,"9":0,"10":0,"11":0},"f":{"0":0,"1":0,"2":0,"3":0,"4":0,"5":0,"6":0,"7":0},"b":{}}
,"/home/paul-sandjong/openimis/openimis-fe-policy_js/src/utils/utils.js": {"path":"/home/paul-sandjong/openimis/openimis-fe-policy_js/src/utils/utils.js","statementMap":{"0":{"start":{"line":5,"column":4},"end":{"line":5,"column":27}},"1":{"start":{"line":5,"column":17},"end":{"line":5,"column":27}},"2":{"start":{"line":6,"column":4},"end":{"line":6,"column":161}},"3":{"start":{"line":10,"column":4},"end":{"line":10,"column":29}},"4":{"start":{"line":10,"column":17},"end":{"line":10,"column":29}},"5":{"start":{"line":11,"column":4},"end":{"line":11,"column":71}},"6":{"start":{"line":15,"column":4},"end":{"line":36,"column":5}},"7":{"start":{"line":16,"column":27},"end":{"line":16,"column":28}},"8":{"start":{"line":17,"column":28},"end":{"line":17,"column":29}},"9":{"start":{"line":18,"column":28},"end":{"line":18,"column":29}},"10":{"start":{"line":19,"column":27},"end":{"line":19,"column":28}},"11":{"start":{"line":20,"column":28},"end":{"line":20,"column":29}},"12":{"start":{"line":21,"column":28},"end":{"line":21,"column":29}},"13":{"start":{"line":22,"column":8},"end":{"line":29,"column":10}},"14":{"start":{"line":23,"column":12},"end":{"line":23,"column":55}},"15":{"start":{"line":24,"column":12},"end":{"line":24,"column":57}},"16":{"start":{"line":25,"column":12},"end":{"line":25,"column":57}},"17":{"start":{"line":26,"column":12},"end":{"line":26,"column":55}},"18":{"start":{"line":27,"column":12},"end":{"line":27,"column":57}},"19":{"start":{"line":28,"column":12},"end":{"line":28,"column":57}},"20":{"start":{"line":30,"column":8},"end":{"line":30,"column":66}},"21":{"start":{"line":31,"column":8},"end":{"line":31,"column":68}},"22":{"start":{"line":32,"column":8},"end":{"line":32,"column":68}},"23":{"start":{"line":33,"column":8},"end":{"line":33,"column":66}},"24":{"start":{"line":34,"column":8},"end":{"line":34,"column":68}},"25":{"start":{"line":35,"column":8},"end":{"line":35,"column":68}},"26":{"start":{"line":37,"column":4},"end":{"line":37,"column":17}},"27":{"start":{"line":41,"column":4},"end":{"line":41,"column":139}},"28":{"start":{"line":44,"column":4},"end":{"line":44,"column":138}},"29":{"start":{"line":47,"column":4},"end":{"line":47,"column":182}},"30":{"start":{"line":51,"column":4},"end":{"line":51,"column":120}},"31":{"start":{"line":51,"column":92},"end":{"line":51,"column":112}}},"fnMap":{"0":{"name":"policyLabel","decl":{"start":{"line":4,"column":16},"end":{"line":4,"column":27}},"loc":{"start":{"line":4,"column":40},"end":{"line":7,"column":1}},"line":4},"1":{"name":"policyBalance","decl":{"start":{"line":9,"column":16},"end":{"line":9,"column":29}},"loc":{"start":{"line":9,"column":38},"end":{"line":12,"column":1}},"line":9},"2":{"name":"policySumDedRems","decl":{"start":{"line":14,"column":16},"end":{"line":14,"column":32}},"loc":{"start":{"line":14,"column":41},"end":{"line":38,"column":1}},"line":14},"3":{"name":"(anonymous_3)","decl":{"start":{"line":22,"column":42},"end":{"line":22,"column":43}},"loc":{"start":{"line":22,"column":57},"end":{"line":29,"column":9}},"line":22},"4":{"name":"canDeletePolicy","decl":{"start":{"line":40,"column":16},"end":{"line":40,"column":31}},"loc":{"start":{"line":40,"column":47},"end":{"line":42,"column":1}},"line":40},"5":{"name":"canRenewPolicy","decl":{"start":{"line":43,"column":16},"end":{"line":43,"column":30}},"loc":{"start":{"line":43,"column":46},"end":{"line":45,"column":1}},"line":43},"6":{"name":"canSuspendPolicy","decl":{"start":{"line":46,"column":16},"end":{"line":46,"column":32}},"loc":{"start":{"line":46,"column":48},"end":{"line":48,"column":1}},"line":46},"7":{"name":"policyMutation","decl":{"start":{"line":50,"column":16},"end":{"line":50,"column":30}},"loc":{"start":{"line":50,"column":38},"end":{"line":52,"column":1}},"line":50},"8":{"name":"(anonymous_8)","decl":{"start":{"line":51,"column":87},"end":{"line":51,"column":88}},"loc":{"start":{"line":51,"column":92},"end":{"line":51,"column":112}},"line":51}},"branchMap":{"0":{"loc":{"start":{"line":5,"column":4},"end":{"line":5,"column":27}},"type":"if","locations":[{"start":{"line":5,"column":4},"end":{"line":5,"column":27}},{"start":{},"end":{}}],"line":5},"1":{"loc":{"start":{"line":6,"column":67},"end":{"line":6,"column":110}},"type":"cond-expr","locations":[{"start":{"line":6,"column":88},"end":{"line":6,"column":104}},{"start":{"line":6,"column":107},"end":{"line":6,"column":110}}],"line":6},"2":{"loc":{"start":{"line":6,"column":116},"end":{"line":6,"column":159}},"type":"cond-expr","locations":[{"start":{"line":6,"column":136},"end":{"line":6,"column":153}},{"start":{"line":6,"column":156},"end":{"line":6,"column":159}}],"line":6},"3":{"loc":{"start":{"line":10,"column":4},"end":{"line":10,"column":29}},"type":"if","locations":[{"start":{"line":10,"column":4},"end":{"line":10,"column":29}},{"start":{},"end":{}}],"line":10},"4":{"loc":{"start":{"line":15,"column":4},"end":{"line":36,"column":5}},"type":"if","locations":[{"start":{"line":15,"column":4},"end":{"line":36,"column":5}},{"start":{},"end":{}}],"line":15},"5":{"loc":{"start":{"line":15,"column":8},"end":{"line":15,"column":60}},"type":"binary-expr","locations":[{"start":{"line":15,"column":8},"end":{"line":15,"column":29}},{"start":{"line":15,"column":33},"end":{"line":15,"column":60}}],"line":15},"6":{"loc":{"start":{"line":23,"column":28},"end":{"line":23,"column":54}},"type":"binary-expr","locations":[{"start":{"line":23,"column":28},"end":{"line":23,"column":49}},{"start":{"line":23,"column":53},"end":{"line":23,"column":54}}],"line":23},"7":{"loc":{"start":{"line":24,"column":29},"end":{"line":24,"column":56}},"type":"binary-expr","locations":[{"start":{"line":24,"column":29},"end":{"line":24,"column":51}},{"start":{"line":24,"column":55},"end":{"line":24,"column":56}}],"line":24},"8":{"loc":{"start":{"line":25,"column":29},"end":{"line":25,"column":56}},"type":"binary-expr","locations":[{"start":{"line":25,"column":29},"end":{"line":25,"column":51}},{"start":{"line":25,"column":55},"end":{"line":25,"column":56}}],"line":25},"9":{"loc":{"start":{"line":26,"column":28},"end":{"line":26,"column":54}},"type":"binary-expr","locations":[{"start":{"line":26,"column":28},"end":{"line":26,"column":49}},{"start":{"line":26,"column":53},"end":{"line":26,"column":54}}],"line":26},"10":{"loc":{"start":{"line":27,"column":29},"end":{"line":27,"column":56}},"type":"binary-expr","locations":[{"start":{"line":27,"column":29},"end":{"line":27,"column":51}},{"start":{"line":27,"column":55},"end":{"line":27,"column":56}}],"line":27},"11":{"loc":{"start":{"line":28,"column":29},"end":{"line":28,"column":56}},"type":"binary-expr","locations":[{"start":{"line":28,"column":29},"end":{"line":28,"column":51}},{"start":{"line":28,"column":55},"end":{"line":28,"column":56}}],"line":28},"12":{"loc":{"start":{"line":41,"column":11},"end":{"line":41,"column":139}},"type":"binary-expr","locations":[{"start":{"line":41,"column":11},"end":{"line":41,"column":29}},{"start":{"line":41,"column":34},"end":{"line":41,"column":47}},{"start":{"line":41,"column":51},"end":{"line":41,"column":70}},{"start":{"line":41,"column":75},"end":{"line":41,"column":99}},{"start":{"line":41,"column":103},"end":{"line":41,"column":139}}],"line":41},"13":{"loc":{"start":{"line":44,"column":11},"end":{"line":44,"column":138}},"type":"binary-expr","locations":[{"start":{"line":44,"column":11},"end":{"line":44,"column":29}},{"start":{"line":44,"column":34},"end":{"line":44,"column":47}},{"start":{"line":44,"column":51},"end":{"line":44,"column":70}},{"start":{"line":44,"column":75},"end":{"line":44,"column":99}},{"start":{"line":44,"column":103},"end":{"line":44,"column":138}}],"line":44},"14":{"loc":{"start":{"line":47,"column":11},"end":{"line":47,"column":182}},"type":"binary-expr","locations":[{"start":{"line":47,"column":11},"end":{"line":47,"column":29}},{"start":{"line":47,"column":34},"end":{"line":47,"column":47}},{"start":{"line":47,"column":51},"end":{"line":47,"column":70}},{"start":{"line":47,"column":75},"end":{"line":47,"column":99}},{"start":{"line":47,"column":103},"end":{"line":47,"column":140}},{"start":{"line":47,"column":144},"end":{"line":47,"column":182}}],"line":47},"15":{"loc":{"start":{"line":51,"column":11},"end":{"line":51,"column":120}},"type":"binary-expr","locations":[{"start":{"line":51,"column":11},"end":{"line":51,"column":25}},{"start":{"line":51,"column":29},"end":{"line":51,"column":52}},{"start":{"line":51,"column":56},"end":{"line":51,"column":120}}],"line":51}},"s":{"0":2,"1":1,"2":1,"3":2,"4":1,"5":1,"6":2,"7":1,"8":1,"9":1,"10":1,"11":1,"12":1,"13":1,"14":2,"15":2,"16":2,"17":2,"18":2,"19":2,"20":1,"21":1,"22":1,"23":1,"24":1,"25":1,"26":2,"27":3,"28":2,"29":3,"30":3,"31":2},"f":{"0":2,"1":2,"2":2,"3":2,"4":3,"5":2,"6":3,"7":3,"8":2},"b":{"0":[1,1],"1":[1,0],"2":[1,0],"3":[1,1],"4":[1,1],"5":[2,1],"6":[2,0],"7":[2,0],"8":[2,0],"9":[2,0],"10":[2,0],"11":[2,1],"12":[3,2,0,2,2],"13":[2,2,0,2,2],"14":[3,3,0,3,3,2],"15":[3,3,3]},"_coverageSchema":"1a1c01bbd47fc00a2c39e90264f33305004495a9","hash":"495e7f4e618fa4112a12093d77a499102843e667"}
}
