TN:
SF:src/actions.js
FN:36,(anonymous_0)
FN:51,fetchFamilyOrInsureePolicies
FN:54,(anonymous_2)
FN:66,fetchEligibility
FN:80,selectPolicy
FN:81,(anonymous_5)
FN:86,fetchItemEligibility
FN:98,itemEligibilityClear
FN:99,(anonymous_8)
FN:104,fetchServiceEligibility
FN:116,serviceEligibilityClear
FN:117,(anonymous_11)
FN:122,fetchPolicySummaries
FN:147,fetchPolicyFull
FN:177,fetchPolicyValues
FN:201,formatPolicyGQL
FN:221,createPolicy
FN:239,updatePolicy
FN:258,renewPolicy
FN:277,suspendPolicy
FN:300,deletePolicy
FN:323,fetchFamily
FNF:22
FNH:0
FNDA:0,(anonymous_0)
FNDA:0,fetchFamilyOrInsureePolicies
FNDA:0,(anonymous_2)
FNDA:0,fetchEligibility
FNDA:0,selectPolicy
FNDA:0,(anonymous_5)
FNDA:0,fetchItemEligibility
FNDA:0,itemEligibilityClear
FNDA:0,(anonymous_8)
FNDA:0,fetchServiceEligibility
FNDA:0,serviceEligibilityClear
FNDA:0,(anonymous_11)
FNDA:0,fetchPolicySummaries
FNDA:0,fetchPolicyFull
FNDA:0,fetchPolicyValues
FNDA:0,formatPolicyGQL
FNDA:0,createPolicy
FNDA:0,updatePolicy
FNDA:0,renewPolicy
FNDA:0,suspendPolicy
FNDA:0,deletePolicy
FNDA:0,fetchFamily
DA:13,0
DA:15,0
DA:36,0
DA:52,0
DA:53,0
DA:54,0
DA:55,0
DA:56,0
DA:58,0
DA:63,0
DA:67,0
DA:77,0
DA:81,0
DA:82,0
DA:87,0
DA:95,0
DA:99,0
DA:100,0
DA:105,0
DA:113,0
DA:117,0
DA:118,0
DA:123,0
DA:143,0
DA:144,0
DA:148,0
DA:169,0
DA:174,0
DA:178,0
DA:183,0
DA:185,0
DA:193,0
DA:194,0
DA:196,0
DA:197,0
DA:198,0
DA:202,0
DA:222,0
DA:227,0
DA:228,0
DA:240,0
DA:245,0
DA:246,0
DA:247,0
DA:259,0
DA:264,0
DA:265,0
DA:266,0
DA:278,0
DA:283,0
DA:284,0
DA:285,0
DA:301,0
DA:306,0
DA:307,0
DA:308,0
DA:324,0
DA:325,0
DA:326,0
DA:328,0
DA:330,0
DA:335,0
LF:62
LH:0
BRDA:54,0,0,0
BRDA:54,0,1,0
BRDA:179,1,0,0
BRDA:179,1,1,0
BRDA:188,2,0,0
BRDA:188,2,1,0
BRDA:193,3,0,0
BRDA:193,3,1,0
BRDA:204,4,0,0
BRDA:204,4,1,0
BRDA:204,5,0,0
BRDA:204,5,1,0
BRDA:208,6,0,0
BRDA:208,6,1,0
BRDA:209,7,0,0
BRDA:209,7,1,0
BRDA:210,8,0,0
BRDA:210,8,1,0
BRDA:280,9,0,0
BRDA:280,9,1,0
BRDA:303,10,0,0
BRDA:303,10,1,0
BRDA:325,11,0,0
BRDA:325,11,1,0
BRF:24
BRH:0
end_of_record
TN:
SF:src/constants.js
FNF:0
FNH:0
DA:1,1
DA:2,1
DA:3,1
DA:4,1
DA:5,1
DA:6,1
DA:7,1
DA:8,1
DA:9,1
DA:11,1
DA:12,1
DA:13,1
DA:14,1
DA:15,1
DA:16,1
DA:17,1
DA:19,1
DA:20,1
DA:21,1
DA:22,1
LF:20
LH:20
BRF:0
BRH:0
end_of_record
TN:
SF:src/reducer.js
FN:8,(anonymous_0)
FNF:1
FNH:0
FNDA:0,(anonymous_0)
DA:8,0
DA:39,0
DA:41,0
DA:46,0
DA:55,0
DA:64,0
DA:73,0
DA:79,0
DA:88,0
DA:97,0
DA:103,0
DA:111,0
DA:119,0
DA:125,0
DA:133,0
DA:141,0
DA:147,0
DA:155,0
DA:163,0
DA:171,0
DA:177,0
DA:185,0
DA:193,0
DA:202,0
DA:208,0
DA:216,0
DA:217,0
DA:218,0
DA:219,0
DA:227,0
DA:233,0
DA:241,0
DA:248,0
DA:254,0
DA:256,0
DA:258,0
DA:260,0
DA:262,0
DA:264,0
DA:266,0
DA:268,0
LF:41
LH:0
BRDA:9,0,0,0
BRDA:39,1,0,0
BRDA:39,1,1,0
BRDA:39,1,2,0
BRDA:39,1,3,0
BRDA:39,1,4,0
BRDA:39,1,5,0
BRDA:39,1,6,0
BRDA:39,1,7,0
BRDA:39,1,8,0
BRDA:39,1,9,0
BRDA:39,1,10,0
BRDA:39,1,11,0
BRDA:39,1,12,0
BRDA:39,1,13,0
BRDA:39,1,14,0
BRDA:39,1,15,0
BRDA:39,1,16,0
BRDA:39,1,17,0
BRDA:39,1,18,0
BRDA:39,1,19,0
BRDA:39,1,20,0
BRDA:39,1,21,0
BRDA:39,1,22,0
BRDA:39,1,23,0
BRDA:39,1,24,0
BRDA:39,1,25,0
BRDA:39,1,26,0
BRDA:39,1,27,0
BRDA:39,1,28,0
BRDA:39,1,29,0
BRDA:39,1,30,0
BRDA:39,1,31,0
BRDA:39,1,32,0
BRDA:39,1,33,0
BRDA:39,1,34,0
BRDA:39,1,35,0
BRF:37
BRH:0
end_of_record
TN:
SF:src/components/Eligibility.js
FN:7,(anonymous_0)
FN:15,(anonymous_1)
FN:19,(anonymous_2)
FNF:3
FNH:0
FNDA:0,(anonymous_0)
FNDA:0,(anonymous_1)
FNDA:0,(anonymous_2)
DA:7,0
DA:8,0
DA:9,0
DA:11,0
DA:15,0
DA:16,0
DA:19,0
DA:20,0
DA:21,0
DA:22,0
DA:23,0
LF:11
LH:0
BRDA:8,0,0,0
BRDA:8,0,1,0
BRDA:25,1,0,0
BRDA:25,1,1,0
BRDA:30,2,0,0
BRDA:30,2,1,0
BRDA:30,2,2,0
BRDA:37,3,0,0
BRDA:37,3,1,0
BRDA:37,3,2,0
BRF:10
BRH:0
end_of_record
TN:
SF:src/components/FamilyOrInsureePoliciesSummary.js
FN:31,(anonymous_0)
FN:64,(anonymous_1)
FN:93,(anonymous_2)
FN:100,(anonymous_3)
FN:104,(anonymous_4)
FN:115,(anonymous_5)
FN:121,(anonymous_6)
FN:128,(anonymous_7)
FN:130,(anonymous_8)
FN:138,(anonymous_9)
FN:150,(anonymous_10)
FN:151,(anonymous_11)
FN:159,(anonymous_12)
FN:171,(anonymous_13)
FN:178,(anonymous_14)
FN:185,(anonymous_15)
FN:193,(anonymous_16)
FN:207,(anonymous_17)
FN:217,(anonymous_18)
FN:219,(anonymous_19)
FN:222,(anonymous_20)
FN:226,(anonymous_21)
FN:249,(anonymous_22)
FN:250,(anonymous_23)
FN:252,(anonymous_24)
FN:253,(anonymous_25)
FN:255,(anonymous_26)
FN:258,(anonymous_27)
FN:280,(anonymous_28)
FN:281,(anonymous_29)
FN:282,(anonymous_30)
FN:283,(anonymous_31)
FN:285,(anonymous_32)
FN:287,(anonymous_33)
FN:288,(anonymous_34)
FN:289,(anonymous_35)
FN:290,(anonymous_36)
FN:291,(anonymous_37)
FN:292,(anonymous_38)
FN:293,(anonymous_39)
FN:294,(anonymous_40)
FN:295,(anonymous_41)
FN:296,(anonymous_42)
FN:297,(anonymous_43)
FN:298,(anonymous_44)
FN:299,(anonymous_45)
FN:302,(anonymous_46)
FN:304,(anonymous_47)
FN:307,(anonymous_48)
FN:314,(anonymous_49)
FN:317,(anonymous_50)
FN:324,(anonymous_51)
FN:327,(anonymous_52)
FN:337,(anonymous_53)
FN:349,(anonymous_54)
FN:351,(anonymous_55)
FN:409,(anonymous_56)
FN:415,(anonymous_57)
FN:453,(anonymous_58)
FN:468,(anonymous_59)
FNF:60
FNH:0
FNDA:0,(anonymous_0)
FNDA:0,(anonymous_1)
FNDA:0,(anonymous_2)
FNDA:0,(anonymous_3)
FNDA:0,(anonymous_4)
FNDA:0,(anonymous_5)
FNDA:0,(anonymous_6)
FNDA:0,(anonymous_7)
FNDA:0,(anonymous_8)
FNDA:0,(anonymous_9)
FNDA:0,(anonymous_10)
FNDA:0,(anonymous_11)
FNDA:0,(anonymous_12)
FNDA:0,(anonymous_13)
FNDA:0,(anonymous_14)
FNDA:0,(anonymous_15)
FNDA:0,(anonymous_16)
FNDA:0,(anonymous_17)
FNDA:0,(anonymous_18)
FNDA:0,(anonymous_19)
FNDA:0,(anonymous_20)
FNDA:0,(anonymous_21)
FNDA:0,(anonymous_22)
FNDA:0,(anonymous_23)
FNDA:0,(anonymous_24)
FNDA:0,(anonymous_25)
FNDA:0,(anonymous_26)
FNDA:0,(anonymous_27)
FNDA:0,(anonymous_28)
FNDA:0,(anonymous_29)
FNDA:0,(anonymous_30)
FNDA:0,(anonymous_31)
FNDA:0,(anonymous_32)
FNDA:0,(anonymous_33)
FNDA:0,(anonymous_34)
FNDA:0,(anonymous_35)
FNDA:0,(anonymous_36)
FNDA:0,(anonymous_37)
FNDA:0,(anonymous_38)
FNDA:0,(anonymous_39)
FNDA:0,(anonymous_40)
FNDA:0,(anonymous_41)
FNDA:0,(anonymous_42)
FNDA:0,(anonymous_43)
FNDA:0,(anonymous_44)
FNDA:0,(anonymous_45)
FNDA:0,(anonymous_46)
FNDA:0,(anonymous_47)
FNDA:0,(anonymous_48)
FNDA:0,(anonymous_49)
FNDA:0,(anonymous_50)
FNDA:0,(anonymous_51)
FNDA:0,(anonymous_52)
FNDA:0,(anonymous_53)
FNDA:0,(anonymous_54)
FNDA:0,(anonymous_55)
FNDA:0,(anonymous_56)
FNDA:0,(anonymous_57)
FNDA:0,(anonymous_58)
FNDA:0,(anonymous_59)
DA:31,0
DA:53,0
DA:65,0
DA:66,0
DA:71,0
DA:76,0
DA:81,0
DA:86,0
DA:94,0
DA:100,0
DA:105,0
DA:106,0
DA:107,0
DA:108,0
DA:109,0
DA:110,0
DA:111,0
DA:115,0
DA:116,0
DA:121,0
DA:122,0
DA:128,0
DA:129,0
DA:130,0
DA:131,0
DA:138,0
DA:139,0
DA:147,0
DA:150,0
DA:151,0
DA:152,0
DA:159,0
DA:160,0
DA:168,0
DA:171,0
DA:172,0
DA:178,0
DA:179,0
DA:185,0
DA:186,0
DA:194,0
DA:195,0
DA:196,0
DA:197,0
DA:198,0
DA:199,0
DA:200,0
DA:201,0
DA:202,0
DA:203,0
DA:207,0
DA:208,0
DA:210,0
DA:211,0
DA:214,0
DA:217,0
DA:218,0
DA:219,0
DA:222,0
DA:226,0
DA:227,0
DA:242,0
DA:243,0
DA:245,0
DA:246,0
DA:249,0
DA:251,0
DA:252,0
DA:253,0
DA:255,0
DA:258,0
DA:259,0
DA:274,0
DA:275,0
DA:277,0
DA:280,0
DA:281,0
DA:282,0
DA:283,0
DA:285,0
DA:286,0
DA:287,0
DA:288,0
DA:289,0
DA:290,0
DA:291,0
DA:292,0
DA:293,0
DA:294,0
DA:295,0
DA:296,0
DA:297,0
DA:298,0
DA:299,0
DA:301,0
DA:302,0
DA:304,0
DA:305,0
DA:307,0
DA:314,0
DA:315,0
DA:317,0
DA:324,0
DA:325,0
DA:327,0
DA:334,0
DA:337,0
DA:338,0
DA:339,0
DA:340,0
DA:345,0
DA:349,0
DA:367,0
DA:368,0
DA:369,0
DA:373,0
DA:377,0
DA:390,0
DA:409,0
DA:416,0
DA:453,0
DA:468,0
DA:469,0
LF:123
LH:0
BRDA:105,0,0,0
BRDA:105,0,1,0
BRDA:105,1,0,0
BRDA:105,1,1,0
BRDA:107,2,0,0
BRDA:107,2,1,0
BRDA:107,3,0,0
BRDA:107,3,1,0
BRDA:107,3,2,0
BRDA:109,4,0,0
BRDA:109,4,1,0
BRDA:109,5,0,0
BRDA:109,5,1,0
BRDA:171,6,0,0
BRDA:179,7,0,0
BRDA:179,7,1,0
BRDA:179,7,2,0
BRDA:179,7,3,0
BRDA:179,7,4,0
BRDA:179,7,5,0
BRDA:179,7,6,0
BRDA:179,7,7,0
BRDA:179,7,8,0
BRDA:186,8,0,0
BRDA:186,8,1,0
BRDA:186,8,2,0
BRDA:186,8,3,0
BRDA:186,8,4,0
BRDA:186,8,5,0
BRDA:186,8,6,0
BRDA:186,8,7,0
BRDA:186,8,8,0
BRDA:195,9,0,0
BRDA:195,9,1,0
BRDA:195,10,0,0
BRDA:195,10,1,0
BRDA:198,11,0,0
BRDA:198,11,1,0
BRDA:201,12,0,0
BRDA:201,12,1,0
BRDA:201,13,0,0
BRDA:201,13,1,0
BRDA:210,14,0,0
BRDA:210,14,1,0
BRDA:214,15,0,0
BRDA:214,15,1,0
BRDA:242,16,0,0
BRDA:242,16,1,0
BRDA:249,17,0,0
BRDA:274,18,0,0
BRDA:274,18,1,0
BRDA:281,19,0,0
BRDA:281,19,1,0
BRDA:282,20,0,0
BRDA:282,20,1,0
BRDA:283,21,0,0
BRDA:283,21,1,0
BRDA:301,22,0,0
BRDA:301,22,1,0
BRDA:305,23,0,0
BRDA:305,23,1,0
BRDA:305,24,0,0
BRDA:305,24,1,0
BRDA:315,25,0,0
BRDA:315,25,1,0
BRDA:315,26,0,0
BRDA:315,26,1,0
BRDA:325,27,0,0
BRDA:325,27,1,0
BRDA:325,28,0,0
BRDA:325,28,1,0
BRDA:339,29,0,0
BRDA:339,29,1,0
BRDA:365,30,0,0
BRDA:368,31,0,0
BRDA:368,31,1,0
BRDA:368,32,0,0
BRDA:368,32,1,0
BRDA:368,32,2,0
BRDA:368,32,3,0
BRDA:368,32,4,0
BRDA:377,33,0,0
BRDA:377,33,1,0
BRDA:377,34,0,0
BRDA:377,34,1,0
BRDA:377,34,2,0
BRDA:435,35,0,0
BRDA:435,35,1,0
BRDA:454,36,0,0
BRDA:454,36,1,0
BRDA:454,37,0,0
BRDA:454,37,1,0
BRDA:454,37,2,0
BRDA:460,38,0,0
BRDA:460,38,1,0
BRF:95
BRH:0
end_of_record
TN:
SF:src/components/InsureeEligibilityEnquiry.js
FN:8,(anonymous_0)
FN:13,(anonymous_1)
FNF:2
FNH:0
FNDA:0,(anonymous_0)
FNDA:0,(anonymous_1)
DA:8,0
DA:14,0
DA:15,0
DA:16,0
LF:4
LH:0
BRDA:15,0,0,0
BRDA:15,0,1,0
BRF:2
BRH:0
end_of_record
TN:
SF:src/components/InsureeEligibilitySummary.js
FN:11,(anonymous_0)
FN:19,(anonymous_1)
FN:32,(anonymous_2)
FN:33,(anonymous_3)
FN:34,(anonymous_4)
FN:35,(anonymous_5)
FN:36,(anonymous_6)
FN:37,(anonymous_7)
FN:43,(anonymous_8)
FN:55,(anonymous_9)
FN:56,(anonymous_10)
FN:57,(anonymous_11)
FN:58,(anonymous_12)
FN:59,(anonymous_13)
FN:66,(anonymous_14)
FN:71,(anonymous_15)
FN:78,(anonymous_16)
FN:84,(anonymous_17)
FN:106,(anonymous_18)
FN:115,(anonymous_19)
FNF:20
FNH:0
FNDA:0,(anonymous_0)
FNDA:0,(anonymous_1)
FNDA:0,(anonymous_2)
FNDA:0,(anonymous_3)
FNDA:0,(anonymous_4)
FNDA:0,(anonymous_5)
FNDA:0,(anonymous_6)
FNDA:0,(anonymous_7)
FNDA:0,(anonymous_8)
FNDA:0,(anonymous_9)
FNDA:0,(anonymous_10)
FNDA:0,(anonymous_11)
FNDA:0,(anonymous_12)
FNDA:0,(anonymous_13)
FNDA:0,(anonymous_14)
FNDA:0,(anonymous_15)
FNDA:0,(anonymous_16)
FNDA:0,(anonymous_17)
FNDA:0,(anonymous_18)
FNDA:0,(anonymous_19)
DA:11,0
DA:19,0
DA:20,0
DA:32,0
DA:33,0
DA:34,0
DA:35,0
DA:36,0
DA:37,0
DA:43,0
DA:44,0
DA:55,0
DA:56,0
DA:57,0
DA:58,0
DA:59,0
DA:67,0
DA:68,0
DA:72,0
DA:73,0
DA:74,0
DA:79,0
DA:80,0
DA:85,0
DA:86,0
DA:87,0
DA:89,0
DA:106,0
DA:115,0
DA:116,0
LF:30
LH:0
BRDA:32,0,0,0
BRDA:32,0,1,0
BRDA:33,1,0,0
BRDA:33,1,1,0
BRDA:34,2,0,0
BRDA:34,2,1,0
BRDA:35,3,0,0
BRDA:35,3,1,0
BRDA:36,4,0,0
BRDA:36,4,1,0
BRDA:37,5,0,0
BRDA:37,5,1,0
BRDA:55,6,0,0
BRDA:55,6,1,0
BRDA:56,7,0,0
BRDA:56,7,1,0
BRDA:57,8,0,0
BRDA:57,8,1,0
BRDA:58,9,0,0
BRDA:58,9,1,0
BRDA:59,10,0,0
BRDA:59,10,1,0
BRDA:72,11,0,0
BRDA:72,11,1,0
BRDA:73,12,0,0
BRDA:73,12,1,0
BRDA:79,13,0,0
BRDA:79,13,1,0
BRDA:86,14,0,0
BRDA:86,14,1,0
BRDA:87,15,0,0
BRDA:87,15,1,0
BRDA:87,16,0,0
BRDA:87,16,1,0
BRDA:87,16,2,0
BRF:35
BRH:0
end_of_record
TN:
SF:src/components/InsureeItemEligibility.js
FN:10,(anonymous_0)
FN:25,(anonymous_1)
FN:34,(anonymous_2)
FN:38,(anonymous_3)
FN:74,(anonymous_4)
FN:81,(anonymous_5)
FNF:6
FNH:0
FNDA:0,(anonymous_0)
FNDA:0,(anonymous_1)
FNDA:0,(anonymous_2)
FNDA:0,(anonymous_3)
FNDA:0,(anonymous_4)
FNDA:0,(anonymous_5)
DA:10,0
DA:25,0
DA:26,0
DA:27,0
DA:28,0
DA:30,0
DA:35,0
DA:39,0
DA:40,0
DA:74,0
DA:81,0
DA:82,0
LF:12
LH:0
BRDA:27,0,0,0
BRDA:27,0,1,0
BRDA:60,1,0,0
BRDA:60,1,1,0
BRDA:60,1,2,0
BRF:5
BRH:0
end_of_record
TN:
SF:src/components/InsureePolicyEligibilitySummary.js
FN:13,(anonymous_0)
FN:23,(anonymous_1)
FN:28,(anonymous_2)
FN:42,(anonymous_3)
FN:56,(anonymous_4)
FN:71,(anonymous_5)
FN:84,(anonymous_6)
FN:88,(anonymous_7)
FN:91,(anonymous_8)
FN:91,(anonymous_9)
FN:103,(anonymous_10)
FN:148,(anonymous_11)
FN:155,(anonymous_12)
FNF:13
FNH:0
FNDA:0,(anonymous_0)
FNDA:0,(anonymous_1)
FNDA:0,(anonymous_2)
FNDA:0,(anonymous_3)
FNDA:0,(anonymous_4)
FNDA:0,(anonymous_5)
FNDA:0,(anonymous_6)
FNDA:0,(anonymous_7)
FNDA:0,(anonymous_8)
FNDA:0,(anonymous_9)
FNDA:0,(anonymous_10)
FNDA:0,(anonymous_11)
FNDA:0,(anonymous_12)
DA:13,0
DA:19,0
DA:24,0
DA:25,0
DA:29,0
DA:30,0
DA:38,0
DA:43,0
DA:44,0
DA:45,0
DA:47,0
DA:54,0
DA:57,0
DA:66,0
DA:68,0
DA:69,0
DA:72,0
DA:81,0
DA:83,0
DA:84,0
DA:89,0
DA:90,0
DA:91,0
DA:92,0
DA:104,0
DA:148,0
DA:155,0
DA:156,0
LF:28
LH:0
BRDA:29,0,0,0
BRDA:29,0,1,0
BRDA:34,1,0,0
BRDA:34,1,1,0
BRDA:43,2,0,0
BRDA:43,2,1,0
BRDA:43,3,0,0
BRDA:43,3,1,0
BRDA:47,4,0,0
BRDA:47,4,1,0
BRDA:47,5,0,0
BRDA:47,5,1,0
BRDA:47,5,2,0
BRDA:47,5,3,0
BRDA:47,5,4,0
BRDA:47,5,5,0
BRDA:61,6,0,0
BRDA:61,6,1,0
BRDA:68,7,0,0
BRDA:68,7,1,0
BRDA:68,8,0,0
BRDA:68,8,1,0
BRDA:76,9,0,0
BRDA:76,9,1,0
BRDA:83,10,0,0
BRDA:83,10,1,0
BRDA:83,11,0,0
BRDA:83,11,1,0
BRDA:91,12,0,0
BRDA:91,12,1,0
BRDA:95,13,0,0
BRDA:95,13,1,0
BRDA:95,13,2,0
BRDA:100,14,0,0
BRDA:100,14,1,0
BRDA:100,14,2,0
BRDA:131,15,0,0
BRDA:131,15,1,0
BRF:38
BRH:0
end_of_record
TN:
SF:src/components/InsureeServiceEligibility.js
FN:10,(anonymous_0)
FN:25,(anonymous_1)
FN:34,(anonymous_2)
FN:38,(anonymous_3)
FN:74,(anonymous_4)
FN:81,(anonymous_5)
FNF:6
FNH:0
FNDA:0,(anonymous_0)
FNDA:0,(anonymous_1)
FNDA:0,(anonymous_2)
FNDA:0,(anonymous_3)
FNDA:0,(anonymous_4)
FNDA:0,(anonymous_5)
DA:10,0
DA:25,0
DA:26,0
DA:27,0
DA:28,0
DA:30,0
DA:35,0
DA:39,0
DA:40,0
DA:74,0
DA:81,0
DA:82,0
LF:12
LH:0
BRDA:27,0,0,0
BRDA:27,0,1,0
BRDA:60,1,0,0
BRDA:60,1,1,0
BRDA:60,1,2,0
BRF:5
BRH:0
end_of_record
TN:
SF:src/components/PolicyFilter.js
FN:17,(anonymous_0)
FN:37,(anonymous_1)
FN:42,(anonymous_2)
FN:53,(anonymous_3)
FN:80,(anonymous_4)
FN:90,(anonymous_5)
FN:94,(anonymous_6)
FN:107,(anonymous_7)
FN:123,(anonymous_8)
FN:136,(anonymous_9)
FN:152,(anonymous_10)
FN:180,(anonymous_11)
FN:207,(anonymous_12)
FN:232,(anonymous_13)
FN:259,(anonymous_14)
FN:276,(anonymous_15)
FN:294,(anonymous_16)
FN:315,(anonymous_17)
FN:340,(anonymous_18)
FN:362,(anonymous_19)
FN:375,(anonymous_20)
FN:386,(anonymous_21)
FN:410,(anonymous_22)
FN:437,(anonymous_23)
FNF:24
FNH:0
FNDA:0,(anonymous_0)
FNDA:0,(anonymous_1)
FNDA:0,(anonymous_2)
FNDA:0,(anonymous_3)
FNDA:0,(anonymous_4)
FNDA:0,(anonymous_5)
FNDA:0,(anonymous_6)
FNDA:0,(anonymous_7)
FNDA:0,(anonymous_8)
FNDA:0,(anonymous_9)
FNDA:0,(anonymous_10)
FNDA:0,(anonymous_11)
FNDA:0,(anonymous_12)
FNDA:0,(anonymous_13)
FNDA:0,(anonymous_14)
FNDA:0,(anonymous_15)
FNDA:0,(anonymous_16)
FNDA:0,(anonymous_17)
FNDA:0,(anonymous_18)
FNDA:0,(anonymous_19)
FNDA:0,(anonymous_20)
FNDA:0,(anonymous_21)
FNDA:0,(anonymous_22)
FNDA:0,(anonymous_23)
DA:17,0
DA:29,0
DA:32,0
DA:37,0
DA:38,0
DA:39,0
DA:42,0
DA:43,0
DA:50,0
DA:53,0
DA:54,0
DA:63,0
DA:64,0
DA:70,0
DA:71,0
DA:77,0
DA:80,0
DA:81,0
DA:88,0
DA:90,0
DA:91,0
DA:92,0
DA:94,0
DA:95,0
DA:96,0
DA:108,0
DA:123,0
DA:124,0
DA:125,0
DA:137,0
DA:153,0
DA:154,0
DA:180,0
DA:208,0
DA:215,0
DA:232,0
DA:260,0
DA:277,0
DA:295,0
DA:316,0
DA:341,0
DA:363,0
DA:376,0
DA:387,0
DA:411,0
DA:438,0
LF:46
LH:0
BRDA:39,0,0,0
BRDA:39,0,1,0
BRDA:39,1,0,0
BRDA:39,1,1,0
BRDA:58,2,0,0
BRDA:58,2,1,0
BRDA:60,3,0,0
BRDA:60,3,1,0
BRDA:63,4,0,0
BRDA:63,4,1,0
BRDA:63,5,0,0
BRDA:63,5,1,0
BRDA:70,6,0,0
BRDA:70,6,1,0
BRDA:70,7,0,0
BRDA:70,7,1,0
BRDA:85,8,0,0
BRDA:85,8,1,0
BRDA:92,9,0,0
BRDA:92,9,1,0
BRDA:92,10,0,0
BRDA:92,10,1,0
BRDA:212,11,0,0
BRDA:212,11,1,0
BRDA:288,12,0,0
BRDA:288,12,1,0
BRDA:288,12,2,0
BRDA:299,13,0,0
BRDA:299,13,1,0
BRDA:309,14,0,0
BRDA:309,14,1,0
BRDA:309,14,2,0
BRDA:320,15,0,0
BRDA:320,15,1,0
BRDA:345,16,0,0
BRDA:345,16,1,0
BRDA:367,17,0,0
BRDA:367,17,1,0
BRDA:385,18,0,0
BRDA:385,18,1,0
BRDA:390,19,0,0
BRDA:390,19,1,0
BRDA:391,20,0,0
BRDA:391,20,1,0
BRF:44
BRH:0
end_of_record
TN:
SF:src/components/PolicyForm.js
FN:33,(anonymous_0)
FN:49,(anonymous_1)
FN:65,(anonymous_2)
FN:70,(anonymous_3)
FN:76,(anonymous_4)
FN:87,(anonymous_5)
FN:88,(anonymous_6)
FN:94,(anonymous_7)
FN:99,(anonymous_8)
FN:103,(anonymous_9)
FN:110,(anonymous_10)
FN:117,(anonymous_11)
FN:138,(anonymous_12)
FN:149,(anonymous_13)
FN:171,(anonymous_14)
FN:174,(anonymous_15)
FN:192,(anonymous_16)
FN:196,(anonymous_17)
FN:201,(anonymous_18)
FN:212,(anonymous_19)
FN:213,(anonymous_20)
FN:216,(anonymous_21)
FN:217,(anonymous_22)
FN:223,(anonymous_23)
FN:224,(anonymous_24)
FN:237,(anonymous_25)
FN:246,(anonymous_26)
FN:269,(anonymous_27)
FN:272,(anonymous_28)
FN:277,(anonymous_29)
FN:288,(anonymous_30)
FN:357,(anonymous_31)
FNF:32
FNH:0
FNDA:0,(anonymous_0)
FNDA:0,(anonymous_1)
FNDA:0,(anonymous_2)
FNDA:0,(anonymous_3)
FNDA:0,(anonymous_4)
FNDA:0,(anonymous_5)
FNDA:0,(anonymous_6)
FNDA:0,(anonymous_7)
FNDA:0,(anonymous_8)
FNDA:0,(anonymous_9)
FNDA:0,(anonymous_10)
FNDA:0,(anonymous_11)
FNDA:0,(anonymous_12)
FNDA:0,(anonymous_13)
FNDA:0,(anonymous_14)
FNDA:0,(anonymous_15)
FNDA:0,(anonymous_16)
FNDA:0,(anonymous_17)
FNDA:0,(anonymous_18)
FNDA:0,(anonymous_19)
FNDA:0,(anonymous_20)
FNDA:0,(anonymous_21)
FNDA:0,(anonymous_22)
FNDA:0,(anonymous_23)
FNDA:0,(anonymous_24)
FNDA:0,(anonymous_25)
FNDA:0,(anonymous_26)
FNDA:0,(anonymous_27)
FNDA:0,(anonymous_28)
FNDA:0,(anonymous_29)
FNDA:0,(anonymous_30)
FNDA:0,(anonymous_31)
DA:33,0
DA:37,0
DA:40,0
DA:50,0
DA:51,0
DA:52,0
DA:53,0
DA:54,0
DA:55,0
DA:56,0
DA:60,0
DA:62,0
DA:66,0
DA:70,0
DA:77,0
DA:78,0
DA:79,0
DA:80,0
DA:81,0
DA:82,0
DA:83,0
DA:84,0
DA:87,0
DA:88,0
DA:95,0
DA:96,0
DA:97,0
DA:98,0
DA:99,0
DA:104,0
DA:109,0
DA:110,0
DA:118,0
DA:122,0
DA:123,0
DA:124,0
DA:125,0
DA:127,0
DA:128,0
DA:129,0
DA:130,0
DA:138,0
DA:141,0
DA:149,0
DA:153,0
DA:157,0
DA:158,0
DA:159,0
DA:160,0
DA:162,0
DA:165,0
DA:170,0
DA:171,0
DA:175,0
DA:176,0
DA:179,0
DA:180,0
DA:186,0
DA:187,0
DA:188,0
DA:189,0
DA:190,0
DA:191,0
DA:192,0
DA:196,0
DA:201,0
DA:202,0
DA:203,0
DA:204,0
DA:208,0
DA:212,0
DA:213,0
DA:216,0
DA:217,0
DA:223,0
DA:224,0
DA:237,0
DA:238,0
DA:239,0
DA:240,0
DA:241,0
DA:242,0
DA:243,0
DA:246,0
DA:247,0
DA:248,0
DA:249,0
DA:250,0
DA:251,0
DA:252,0
DA:253,0
DA:254,0
DA:255,0
DA:257,0
DA:259,0
DA:260,0
DA:261,0
DA:262,0
DA:264,0
DA:265,0
DA:266,0
DA:269,0
DA:270,0
DA:272,0
DA:274,0
DA:277,0
DA:278,0
DA:297,0
DA:298,0
DA:299,0
DA:302,0
DA:308,0
DA:357,0
LF:113
LH:0
BRDA:56,0,0,0
BRDA:56,0,1,0
BRDA:57,1,0,0
BRDA:57,1,1,0
BRDA:95,2,0,0
BRDA:95,2,1,0
BRDA:95,3,0,0
BRDA:95,3,1,0
BRDA:97,4,0,0
BRDA:97,4,1,0
BRDA:97,5,0,0
BRDA:97,5,1,0
BRDA:109,6,0,0
BRDA:109,6,1,0
BRDA:118,7,0,0
BRDA:118,7,1,0
BRDA:119,8,0,0
BRDA:119,8,1,0
BRDA:122,9,0,0
BRDA:122,9,1,0
BRDA:123,10,0,0
BRDA:123,10,1,0
BRDA:127,11,0,0
BRDA:127,11,1,0
BRDA:128,12,0,0
BRDA:128,12,1,0
BRDA:128,13,0,0
BRDA:128,13,1,0
BRDA:128,13,2,0
BRDA:138,14,0,0
BRDA:138,14,1,0
BRDA:149,15,0,0
BRDA:149,15,1,0
BRDA:153,16,0,0
BRDA:153,16,1,0
BRDA:154,17,0,0
BRDA:154,17,1,0
BRDA:157,18,0,0
BRDA:157,18,1,0
BRDA:157,19,0,0
BRDA:157,19,1,0
BRDA:158,20,0,0
BRDA:158,20,1,0
BRDA:158,21,0,0
BRDA:158,21,1,0
BRDA:158,21,2,0
BRDA:165,22,0,0
BRDA:165,22,1,0
BRDA:166,23,0,0
BRDA:166,23,1,0
BRDA:166,23,2,0
BRDA:175,24,0,0
BRDA:175,24,1,0
BRDA:179,25,0,0
BRDA:179,25,1,0
BRDA:179,26,0,0
BRDA:179,26,1,0
BRDA:186,27,0,0
BRDA:186,27,1,0
BRDA:186,28,0,0
BRDA:186,28,1,0
BRDA:189,29,0,0
BRDA:189,29,1,0
BRDA:189,30,0,0
BRDA:189,30,1,0
BRDA:203,31,0,0
BRDA:203,31,1,0
BRDA:247,32,0,0
BRDA:247,32,1,0
BRDA:248,33,0,0
BRDA:248,33,1,0
BRDA:249,34,0,0
BRDA:249,34,1,0
BRDA:250,35,0,0
BRDA:250,35,1,0
BRDA:251,36,0,0
BRDA:251,36,1,0
BRDA:252,37,0,0
BRDA:252,37,1,0
BRDA:252,38,0,0
BRDA:252,38,1,0
BRDA:255,39,0,0
BRDA:255,39,1,0
BRDA:255,40,0,0
BRDA:255,40,1,0
BRDA:255,40,2,0
BRDA:255,41,0,0
BRDA:255,41,1,0
BRDA:259,42,0,0
BRDA:259,42,1,0
BRDA:259,43,0,0
BRDA:259,43,1,0
BRDA:259,43,2,0
BRDA:261,44,0,0
BRDA:261,44,1,0
BRDA:261,45,0,0
BRDA:261,45,1,0
BRDA:261,45,2,0
BRDA:264,46,0,0
BRDA:264,46,1,0
BRDA:265,47,0,0
BRDA:265,47,1,0
BRDA:299,48,0,0
BRDA:299,48,1,0
BRDA:302,49,0,0
BRDA:302,49,1,0
BRDA:302,49,2,0
BRDA:302,49,3,0
BRDA:302,49,4,0
BRDA:302,49,5,0
BRDA:302,49,6,0
BRDA:302,49,7,0
BRDA:329,50,0,0
BRDA:329,50,1,0
BRDA:329,50,2,0
BRDA:329,50,3,0
BRDA:329,50,4,0
BRDA:329,50,5,0
BRDA:346,51,0,0
BRDA:346,51,1,0
BRDA:349,52,0,0
BRDA:349,52,1,0
BRDA:349,52,2,0
BRDA:359,53,0,0
BRDA:359,53,1,0
BRDA:359,54,0,0
BRDA:359,54,1,0
BRDA:359,54,2,0
BRF:128
BRH:0
end_of_record
TN:
SF:src/components/PolicyMasterPanel.js
FN:45,(anonymous_0)
FN:55,(anonymous_1)
FN:70,(anonymous_2)
FN:79,(anonymous_3)
FN:90,(anonymous_4)
FN:98,(anonymous_5)
FN:100,(anonymous_6)
FN:111,(anonymous_7)
FN:131,(anonymous_8)
FN:133,(anonymous_9)
FN:144,(anonymous_10)
FN:164,(anonymous_11)
FN:165,(anonymous_12)
FN:166,(anonymous_13)
FN:169,(anonymous_14)
FN:185,(anonymous_15)
FN:199,(anonymous_16)
FN:213,(anonymous_17)
FN:238,(anonymous_18)
FN:270,(anonymous_19)
FN:292,(anonymous_20)
FN:358,(anonymous_21)
FN:372,(anonymous_22)
FN:383,(anonymous_23)
FN:422,(anonymous_24)
FN:433,(anonymous_25)
FN:482,(anonymous_26)
FN:494,(anonymous_27)
FNF:28
FNH:0
FNDA:0,(anonymous_0)
FNDA:0,(anonymous_1)
FNDA:0,(anonymous_2)
FNDA:0,(anonymous_3)
FNDA:0,(anonymous_4)
FNDA:0,(anonymous_5)
FNDA:0,(anonymous_6)
FNDA:0,(anonymous_7)
FNDA:0,(anonymous_8)
FNDA:0,(anonymous_9)
FNDA:0,(anonymous_10)
FNDA:0,(anonymous_11)
FNDA:0,(anonymous_12)
FNDA:0,(anonymous_13)
FNDA:0,(anonymous_14)
FNDA:0,(anonymous_15)
FNDA:0,(anonymous_16)
FNDA:0,(anonymous_17)
FNDA:0,(anonymous_18)
FNDA:0,(anonymous_19)
FNDA:0,(anonymous_20)
FNDA:0,(anonymous_21)
FNDA:0,(anonymous_22)
FNDA:0,(anonymous_23)
FNDA:0,(anonymous_24)
FNDA:0,(anonymous_25)
FNDA:0,(anonymous_26)
FNDA:0,(anonymous_27)
DA:45,0
DA:51,0
DA:52,0
DA:56,0
DA:58,0
DA:63,0
DA:71,0
DA:72,0
DA:73,0
DA:74,0
DA:75,0
DA:79,0
DA:80,0
DA:90,0
DA:91,0
DA:98,0
DA:99,0
DA:100,0
DA:101,0
DA:111,0
DA:112,0
DA:128,0
DA:131,0
DA:132,0
DA:133,0
DA:134,0
DA:144,0
DA:145,0
DA:161,0
DA:164,0
DA:165,0
DA:166,0
DA:167,0
DA:179,0
DA:181,0
DA:182,0
DA:183,0
DA:185,0
DA:196,0
DA:197,0
DA:199,0
DA:210,0
DA:211,0
DA:213,0
DA:225,0
DA:239,0
DA:270,0
DA:293,0
DA:358,0
DA:372,0
DA:384,0
DA:423,0
DA:433,0
DA:482,0
DA:494,0
DA:495,0
LF:56
LH:0
BRDA:71,0,0,0
BRDA:71,0,1,0
BRDA:71,1,0,0
BRDA:71,1,1,0
BRDA:73,2,0,0
BRDA:73,2,1,0
BRDA:73,3,0,0
BRDA:73,3,1,0
BRDA:80,4,0,0
BRDA:80,4,1,0
BRDA:167,5,0,0
BRDA:167,5,1,0
BRDA:178,6,0,0
BRDA:182,7,0,0
BRDA:182,7,1,0
BRDA:196,8,0,0
BRDA:196,8,1,0
BRDA:210,9,0,0
BRDA:210,9,1,0
BRDA:237,10,0,0
BRDA:237,10,1,0
BRDA:257,11,0,0
BRDA:257,11,1,0
BRDA:261,12,0,0
BRDA:261,12,1,0
BRDA:276,13,0,0
BRDA:276,13,1,0
BRDA:283,14,0,0
BRDA:283,14,1,0
BRDA:291,15,0,0
BRDA:291,15,1,0
BRDA:301,16,0,0
BRDA:301,16,1,0
BRDA:311,17,0,0
BRDA:311,17,1,0
BRDA:313,18,0,0
BRDA:313,18,1,0
BRDA:327,19,0,0
BRDA:327,19,1,0
BRDA:331,20,0,0
BRDA:331,20,1,0
BRDA:337,21,0,0
BRDA:337,21,1,0
BRDA:361,22,0,0
BRDA:361,22,1,0
BRDA:368,23,0,0
BRDA:368,23,1,0
BRDA:375,24,0,0
BRDA:375,24,1,0
BRDA:398,25,0,0
BRDA:398,25,1,0
BRDA:450,26,0,0
BRDA:450,26,1,0
BRDA:484,27,0,0
BRDA:484,27,1,0
BRDA:484,28,0,0
BRDA:484,28,1,0
BRDA:484,28,2,0
BRF:58
BRH:0
end_of_record
TN:
SF:src/components/PolicySearcher.js
FN:31,(anonymous_0)
FN:43,(anonymous_1)
FN:47,(anonymous_2)
FN:62,(anonymous_3)
FN:69,(anonymous_4)
FN:75,(anonymous_5)
FN:80,(anonymous_6)
FN:85,(anonymous_7)
FN:87,(anonymous_8)
FN:89,(anonymous_9)
FN:90,(anonymous_10)
FN:109,(anonymous_11)
FN:111,(anonymous_12)
FN:112,(anonymous_13)
FN:118,(anonymous_14)
FN:131,(anonymous_15)
FN:132,(anonymous_16)
FN:138,(anonymous_17)
FN:152,(anonymous_18)
FN:153,(anonymous_19)
FN:154,(anonymous_20)
FN:156,(anonymous_21)
FN:184,(anonymous_22)
FN:203,(anonymous_23)
FN:205,(anonymous_24)
FN:206,(anonymous_25)
FN:207,(anonymous_26)
FN:208,(anonymous_27)
FN:209,(anonymous_28)
FN:210,(anonymous_29)
FN:211,(anonymous_30)
FN:212,(anonymous_31)
FN:213,(anonymous_32)
FN:214,(anonymous_33)
FN:215,(anonymous_34)
FN:217,(anonymous_35)
FN:225,(anonymous_36)
FN:232,(anonymous_37)
FN:236,(anonymous_38)
FN:242,(anonymous_39)
FN:244,(anonymous_40)
FN:249,(anonymous_41)
FN:251,(anonymous_42)
FN:256,(anonymous_43)
FN:258,(anonymous_44)
FN:263,(anonymous_45)
FN:265,(anonymous_46)
FN:274,(anonymous_47)
FN:281,(anonymous_48)
FN:282,(anonymous_49)
FN:284,(anonymous_50)
FN:310,(anonymous_51)
FN:318,(anonymous_52)
FN:325,(anonymous_53)
FN:338,(anonymous_54)
FNF:55
FNH:0
FNDA:0,(anonymous_0)
FNDA:0,(anonymous_1)
FNDA:0,(anonymous_2)
FNDA:0,(anonymous_3)
FNDA:0,(anonymous_4)
FNDA:0,(anonymous_5)
FNDA:0,(anonymous_6)
FNDA:0,(anonymous_7)
FNDA:0,(anonymous_8)
FNDA:0,(anonymous_9)
FNDA:0,(anonymous_10)
FNDA:0,(anonymous_11)
FNDA:0,(anonymous_12)
FNDA:0,(anonymous_13)
FNDA:0,(anonymous_14)
FNDA:0,(anonymous_15)
FNDA:0,(anonymous_16)
FNDA:0,(anonymous_17)
FNDA:0,(anonymous_18)
FNDA:0,(anonymous_19)
FNDA:0,(anonymous_20)
FNDA:0,(anonymous_21)
FNDA:0,(anonymous_22)
FNDA:0,(anonymous_23)
FNDA:0,(anonymous_24)
FNDA:0,(anonymous_25)
FNDA:0,(anonymous_26)
FNDA:0,(anonymous_27)
FNDA:0,(anonymous_28)
FNDA:0,(anonymous_29)
FNDA:0,(anonymous_30)
FNDA:0,(anonymous_31)
FNDA:0,(anonymous_32)
FNDA:0,(anonymous_33)
FNDA:0,(anonymous_34)
FNDA:0,(anonymous_35)
FNDA:0,(anonymous_36)
FNDA:0,(anonymous_37)
FNDA:0,(anonymous_38)
FNDA:0,(anonymous_39)
FNDA:0,(anonymous_40)
FNDA:0,(anonymous_41)
FNDA:0,(anonymous_42)
FNDA:0,(anonymous_43)
FNDA:0,(anonymous_44)
FNDA:0,(anonymous_45)
FNDA:0,(anonymous_46)
FNDA:0,(anonymous_47)
FNDA:0,(anonymous_48)
FNDA:0,(anonymous_49)
FNDA:0,(anonymous_50)
FNDA:0,(anonymous_51)
FNDA:0,(anonymous_52)
FNDA:0,(anonymous_53)
FNDA:0,(anonymous_54)
DA:22,0
DA:26,0
DA:32,0
DA:33,0
DA:34,0
DA:35,0
DA:36,0
DA:44,0
DA:48,0
DA:49,0
DA:50,0
DA:51,0
DA:52,0
DA:54,0
DA:58,0
DA:62,0
DA:63,0
DA:69,0
DA:70,0
DA:71,0
DA:75,0
DA:76,0
DA:77,0
DA:80,0
DA:81,0
DA:85,0
DA:87,0
DA:88,0
DA:89,0
DA:90,0
DA:91,0
DA:92,0
DA:94,0
DA:95,0
DA:96,0
DA:98,0
DA:99,0
DA:100,0
DA:102,0
DA:103,0
DA:105,0
DA:109,0
DA:111,0
DA:112,0
DA:118,0
DA:125,0
DA:131,0
DA:132,0
DA:138,0
DA:145,0
DA:152,0
DA:153,0
DA:154,0
DA:156,0
DA:157,0
DA:181,0
DA:184,0
DA:185,0
DA:200,0
DA:203,0
DA:204,0
DA:205,0
DA:206,0
DA:207,0
DA:208,0
DA:209,0
DA:210,0
DA:211,0
DA:212,0
DA:213,0
DA:214,0
DA:215,0
DA:218,0
DA:226,0
DA:233,0
DA:234,0
DA:236,0
DA:243,0
DA:244,0
DA:249,0
DA:251,0
DA:256,0
DA:258,0
DA:263,0
DA:265,0
DA:271,0
DA:274,0
DA:275,0
DA:281,0
DA:282,0
DA:288,0
DA:289,0
DA:291,0
DA:293,0
DA:318,0
DA:325,0
DA:338,0
DA:339,0
LF:98
LH:0
BRDA:48,0,0,0
BRDA:48,0,1,0
BRDA:48,1,0,0
BRDA:48,1,1,0
BRDA:50,2,0,0
BRDA:50,2,1,0
BRDA:50,3,0,0
BRDA:50,3,1,0
BRDA:54,4,0,0
BRDA:54,4,1,0
BRDA:55,5,0,0
BRDA:55,5,1,0
BRDA:70,6,0,0
BRDA:70,6,1,0
BRDA:70,7,0,0
BRDA:70,7,1,0
BRDA:76,8,0,0
BRDA:76,8,1,0
BRDA:91,9,0,0
BRDA:91,9,1,0
BRDA:91,10,0,0
BRDA:91,10,1,0
BRDA:94,11,0,0
BRDA:94,11,1,0
BRDA:98,12,0,0
BRDA:98,12,1,0
BRDA:102,13,0,0
BRDA:102,13,1,0
BRDA:154,14,0,0
BRDA:154,14,1,0
BRDA:169,15,0,0
BRDA:169,15,1,0
BRDA:172,16,0,0
BRDA:172,16,1,0
BRDA:197,17,0,0
BRDA:197,17,1,0
BRDA:198,18,0,0
BRDA:198,18,1,0
BRDA:216,19,0,0
BRDA:216,19,1,0
BRDA:224,20,0,0
BRDA:224,20,1,0
BRDA:233,21,0,0
BRDA:233,21,1,0
BRDA:236,22,0,0
BRDA:236,22,1,0
BRDA:244,23,0,0
BRDA:244,23,1,0
BRDA:249,24,0,0
BRDA:249,24,1,0
BRDA:251,25,0,0
BRDA:251,25,1,0
BRDA:256,26,0,0
BRDA:256,26,1,0
BRDA:258,27,0,0
BRDA:258,27,1,0
BRDA:263,28,0,0
BRDA:263,28,1,0
BRDA:265,29,0,0
BRDA:265,29,1,0
BRDA:310,30,0,0
BRDA:310,30,1,0
BRDA:310,31,0,0
BRDA:310,31,1,0
BRDA:310,32,0,0
BRDA:310,32,1,0
BRDA:318,33,0,0
BRDA:318,33,1,0
BRDA:326,34,0,0
BRDA:326,34,1,0
BRDA:326,35,0,0
BRDA:326,35,1,0
BRDA:326,35,2,0
BRF:73
BRH:0
end_of_record
TN:
SF:src/components/PolicyValuesPanel.js
FN:12,(anonymous_0)
FN:27,(anonymous_1)
FN:142,(anonymous_2)
FNF:3
FNH:0
FNDA:0,(anonymous_0)
FNDA:0,(anonymous_1)
FNDA:0,(anonymous_2)
DA:12,0
DA:22,0
DA:24,0
DA:35,0
DA:37,0
DA:38,0
DA:142,0
LF:7
LH:0
BRDA:30,0,0,0
BRDA:31,1,0,0
BRDA:56,2,0,0
BRDA:56,2,1,0
BRDA:69,3,0,0
BRDA:69,3,1,0
BRDA:78,4,0,0
BRDA:78,4,1,0
BRF:8
BRH:0
end_of_record
TN:
SF:src/pages/PoliciesPage.js
FN:14,(anonymous_0)
FN:19,(anonymous_1)
FN:29,(anonymous_2)
FN:35,(anonymous_3)
FN:48,(anonymous_4)
FN:56,(anonymous_5)
FNF:6
FNH:0
FNDA:0,(anonymous_0)
FNDA:0,(anonymous_1)
FNDA:0,(anonymous_2)
FNDA:0,(anonymous_3)
FNDA:0,(anonymous_4)
FNDA:0,(anonymous_5)
DA:14,0
DA:19,0
DA:20,0
DA:29,0
DA:30,0
DA:31,0
DA:32,0
DA:36,0
DA:37,0
DA:48,0
DA:56,0
LF:11
LH:0
BRDA:19,0,0,0
BRDA:32,1,0,0
BRDA:32,1,1,0
BRDA:50,2,0,0
BRDA:50,2,1,0
BRDA:50,3,0,0
BRDA:50,3,1,0
BRDA:50,3,2,0
BRF:8
BRH:0
end_of_record
TN:
SF:src/pages/PolicyPage.js
FN:17,(anonymous_0)
FN:22,(anonymous_1)
FN:59,(anonymous_2)
FN:67,(anonymous_3)
FN:78,(anonymous_4)
FN:88,(anonymous_5)
FNF:6
FNH:0
FNDA:0,(anonymous_0)
FNDA:0,(anonymous_1)
FNDA:0,(anonymous_2)
FNDA:0,(anonymous_3)
FNDA:0,(anonymous_4)
FNDA:0,(anonymous_5)
DA:17,0
DA:22,0
DA:23,0
DA:24,0
DA:34,0
DA:35,0
DA:46,0
DA:60,0
DA:61,0
DA:68,0
DA:78,0
DA:88,0
DA:89,0
LF:13
LH:0
BRDA:23,0,0,0
BRDA:23,0,1,0
BRDA:23,1,0,0
BRDA:23,1,1,0
BRDA:34,2,0,0
BRDA:34,2,1,0
BRDA:34,3,0,0
BRDA:34,3,1,0
BRDA:65,4,0,0
BRDA:65,4,1,0
BRDA:80,5,0,0
BRDA:80,5,1,0
BRDA:80,6,0,0
BRDA:80,6,1,0
BRDA:80,6,2,0
BRF:15
BRH:0
end_of_record
TN:
SF:src/pickers/PolicyOfficerPicker.js
FN:11,(anonymous_0)
FN:68,(anonymous_1)
FN:71,(anonymous_2)
FN:74,(anonymous_3)
FN:85,(anonymous_4)
FNF:5
FNH:0
FNDA:0,(anonymous_0)
FNDA:0,(anonymous_1)
FNDA:0,(anonymous_2)
FNDA:0,(anonymous_3)
FNDA:0,(anonymous_4)
DA:11,0
DA:28,0
DA:29,0
DA:30,0
DA:32,0
DA:33,0
DA:34,0
DA:35,0
DA:36,0
DA:37,0
DA:38,0
DA:40,0
DA:43,0
DA:62,0
DA:68,0
DA:72,0
DA:75,0
DA:86,0
LF:18
LH:0
BRDA:16,0,0,0
BRDA:17,1,0,0
BRDA:34,2,0,0
BRDA:34,2,1,0
BRDA:35,3,0,0
BRDA:35,3,1,0
BRDA:37,4,0,0
BRDA:37,4,1,0
BRDA:53,5,0,0
BRDA:53,5,1,0
BRDA:68,6,0,0
BRDA:68,6,1,0
BRDA:77,7,0,0
BRDA:77,7,1,0
BRDA:90,8,0,0
BRDA:90,8,1,0
BRDA:90,8,2,0
BRDA:90,8,3,0
BRDA:94,9,0,0
BRDA:94,9,1,0
BRDA:94,9,2,0
BRF:21
BRH:0
end_of_record
TN:
SF:src/pickers/PolicyStagePicker.js
FN:8,(anonymous_0)
FNF:1
FNH:0
FNDA:0,(anonymous_0)
DA:9,0
LF:1
LH:0
BRF:0
BRH:0
end_of_record
TN:
SF:src/pickers/PolicyStatusPicker.js
FN:8,(anonymous_0)
FNF:1
FNH:0
FNDA:0,(anonymous_0)
DA:9,0
LF:1
LH:0
BRF:0
BRH:0
end_of_record
TN:
SF:src/reports/PolicyPrimaryOperationalIndicatorsReport.js
FN:5,(anonymous_0)
FN:19,(anonymous_1)
FN:25,(anonymous_2)
FNF:3
FNH:0
FNDA:0,(anonymous_0)
FNDA:0,(anonymous_1)
FNDA:0,(anonymous_2)
DA:5,0
DA:6,0
DA:7,0
DA:8,0
DA:10,0
DA:19,0
DA:26,0
LF:7
LH:0
BRF:0
BRH:0
end_of_record
TN:
SF:src/reports/PolicyRenewalsReport.js
FN:6,(anonymous_0)
FN:20,(anonymous_1)
FN:30,(anonymous_2)
FN:36,(anonymous_3)
FN:50,(anonymous_4)
FN:64,(anonymous_5)
FN:73,(anonymous_6)
FN:85,(anonymous_7)
FNF:8
FNH:0
FNDA:0,(anonymous_0)
FNDA:0,(anonymous_1)
FNDA:0,(anonymous_2)
FNDA:0,(anonymous_3)
FNDA:0,(anonymous_4)
FNDA:0,(anonymous_5)
FNDA:0,(anonymous_6)
FNDA:0,(anonymous_7)
DA:6,0
DA:7,0
DA:8,0
DA:9,0
DA:11,0
DA:20,0
DA:30,0
DA:37,0
DA:51,0
DA:64,0
DA:73,0
DA:85,0
LF:12
LH:0
BRF:0
BRH:0
end_of_record
TN:
SF:src/utils/utils.js
FN:4,policyLabel
FN:9,policyBalance
FN:14,policySumDedRems
FN:22,(anonymous_3)
FN:40,canDeletePolicy
FN:43,canRenewPolicy
FN:46,canSuspendPolicy
FN:50,policyMutation
FN:51,(anonymous_8)
FNF:9
FNH:9
FNDA:2,policyLabel
FNDA:2,policyBalance
FNDA:2,policySumDedRems
FNDA:2,(anonymous_3)
FNDA:3,canDeletePolicy
FNDA:2,canRenewPolicy
FNDA:3,canSuspendPolicy
FNDA:3,policyMutation
FNDA:2,(anonymous_8)
DA:5,2
DA:6,1
DA:10,2
DA:11,1
DA:15,2
DA:16,1
DA:17,1
DA:18,1
DA:19,1
DA:20,1
DA:21,1
DA:22,1
DA:23,2
DA:24,2
DA:25,2
DA:26,2
DA:27,2
DA:28,2
DA:30,1
DA:31,1
DA:32,1
DA:33,1
DA:34,1
DA:35,1
DA:37,2
DA:41,3
DA:44,2
DA:47,3
DA:51,3
LF:29
LH:29
BRDA:5,0,0,1
BRDA:5,0,1,1
BRDA:6,1,0,1
BRDA:6,1,1,0
BRDA:6,2,0,1
BRDA:6,2,1,0
BRDA:10,3,0,1
BRDA:10,3,1,1
BRDA:15,4,0,1
BRDA:15,4,1,1
BRDA:15,5,0,2
BRDA:15,5,1,1
BRDA:23,6,0,2
BRDA:23,6,1,0
BRDA:24,7,0,2
BRDA:24,7,1,0
BRDA:25,8,0,2
BRDA:25,8,1,0
BRDA:26,9,0,2
BRDA:26,9,1,0
BRDA:27,10,0,2
BRDA:27,10,1,0
BRDA:28,11,0,2
BRDA:28,11,1,1
BRDA:41,12,0,3
BRDA:41,12,1,2
BRDA:41,12,2,0
BRDA:41,12,3,2
BRDA:41,12,4,2
BRDA:44,13,0,2
BRDA:44,13,1,2
BRDA:44,13,2,0
BRDA:44,13,3,2
BRDA:44,13,4,2
BRDA:47,14,0,3
BRDA:47,14,1,3
BRDA:47,14,2,0
BRDA:47,14,3,3
BRDA:47,14,4,3
BRDA:47,14,5,2
BRDA:51,15,0,3
BRDA:51,15,1,3
BRDA:51,15,2,3
BRF:43
BRH:33
end_of_record
